[ 2016-03-01T09:32:27+08:00 ] 127.0.0.1 /branches/out_excel/
INFO: [ app_init ] --START--
INFO: Run Behavior\BuildLiteBehavior [ RunTime:0.000025s ]
INFO: [ app_init ] --END-- [ RunTime:0.000148s ]
INFO: [ app_begin ] --START--
INFO: Run Behavior\ReadHtmlCacheBehavior [ RunTime:0.000629s ]
INFO: [ app_begin ] --END-- [ RunTime:0.000741s ]
NOTIC: [2048] Declaration of Home\Controller\DetectorController::display() should be compatible with that of Think\Controller::display() E:\wamp\www\branches\out_excel\src\Home\Controller\DetectorController.class.php 第 10 行.
NOTIC: [8] Undefined index: index E:\wamp\www\branches\out_excel\src\Common\Common\function.php 第 310 行.
NOTIC: [2] in_array() expects parameter 2 to be array, null given E:\wamp\www\branches\out_excel\src\Common\Common\function.php 第 311 行.
NOTIC: [8] Undefined index: index E:\wamp\www\branches\out_excel\src\Common\Common\function.php 第 319 行.
NOTIC: [2] array_key_exists() expects parameter 2 to be array, null given E:\wamp\www\branches\out_excel\src\Common\Common\function.php 第 321 行.
SQL: select id, href, img, title from banner order by priority desc [ RunTime:0.0011s ]
SQL: select DISTINCT(pinyin_category) as letter from game where ios_platform=1 order by letter [ RunTime:0.0008s ]
SQL: select A.game_id,B.name,B.thumbnail_path from suggested_game_list as A
    	LEFT JOIN game as B ON A.game_id = B.id
    	order by B.priority desc limit 14 [ RunTime:0.0005s ]
SQL: select id,title from news order by created_date desc limit 8 [ RunTime:0.0002s ]
SQL: select name,url from friend_link [ RunTime:0.0003s ]
SQL: select id, game_id,title, platform, price from package where state>=3 order by id desc [ RunTime:0.0004s ]
SQL: select name from game where id=113 [ RunTime:0.0002s ]
SQL: select id, ali_name, wx_name, nickname, tel,email, coins, credit, cz_sum, sign_num, level, last_login_time, head_image, is_trainer,password_hash from user where id=0 [ RunTime:0.0002s ]
NOTIC: [8] Undefined offset: 0 E:\wamp\www\branches\out_excel\src\Home\Model\UserMgrModel.class.php 第 155 行.
NOTIC: [8] Undefined index:  E:\wamp\www\branches\out_excel\src\Common\Common\function.php 第 135 行.
SQL: select name from game where id=113 [ RunTime:0.0002s ]
SQL: select id, ali_name, wx_name, nickname, tel,email, coins, credit, cz_sum, sign_num, level, last_login_time, head_image, is_trainer,password_hash from user where id=0 [ RunTime:0.0002s ]
NOTIC: [8] Undefined offset: 0 E:\wamp\www\branches\out_excel\src\Home\Model\UserMgrModel.class.php 第 155 行.
NOTIC: [8] Undefined index:  E:\wamp\www\branches\out_excel\src\Common\Common\function.php 第 135 行.
SQL: select name from game where id=113 [ RunTime:0.0002s ]
SQL: select id, ali_name, wx_name, nickname, tel,email, coins, credit, cz_sum, sign_num, level, last_login_time, head_image, is_trainer,password_hash from user where id=0 [ RunTime:0.0002s ]
NOTIC: [8] Undefined offset: 0 E:\wamp\www\branches\out_excel\src\Home\Model\UserMgrModel.class.php 第 155 行.
NOTIC: [8] Undefined index:  E:\wamp\www\branches\out_excel\src\Common\Common\function.php 第 135 行.
SQL: select name from game where id=113 [ RunTime:0.0002s ]
SQL: select id, ali_name, wx_name, nickname, tel,email, coins, credit, cz_sum, sign_num, level, last_login_time, head_image, is_trainer,password_hash from user where id=0 [ RunTime:0.0002s ]
NOTIC: [8] Undefined offset: 0 E:\wamp\www\branches\out_excel\src\Home\Model\UserMgrModel.class.php 第 155 行.
NOTIC: [8] Undefined index:  E:\wamp\www\branches\out_excel\src\Common\Common\function.php 第 135 行.
SQL: select id, game_id, title, platform, price from requirement where state>=2 order by id desc [ RunTime:0.0003s ]
SQL: select name from game where id=113 [ RunTime:0.0002s ]
SQL: select id, ali_name, wx_name, nickname, tel,email, coins, credit, cz_sum, sign_num, level, last_login_time, head_image, is_trainer,password_hash from user where id=0 [ RunTime:0.0002s ]
NOTIC: [8] Undefined offset: 0 E:\wamp\www\branches\out_excel\src\Home\Model\UserMgrModel.class.php 第 155 行.
NOTIC: [8] Undefined index:  E:\wamp\www\branches\out_excel\src\Common\Common\function.php 第 135 行.
SQL: select name from game where id=19 [ RunTime:0.0002s ]
SQL: select id, ali_name, wx_name, nickname, tel,email, coins, credit, cz_sum, sign_num, level, last_login_time, head_image, is_trainer,password_hash from user where id=0 [ RunTime:0.0002s ]
NOTIC: [8] Undefined offset: 0 E:\wamp\www\branches\out_excel\src\Home\Model\UserMgrModel.class.php 第 155 行.
NOTIC: [8] Undefined index:  E:\wamp\www\branches\out_excel\src\Common\Common\function.php 第 135 行.
SQL: select name from game where id=19 [ RunTime:0.0002s ]
SQL: select id, ali_name, wx_name, nickname, tel,email, coins, credit, cz_sum, sign_num, level, last_login_time, head_image, is_trainer,password_hash from user where id=0 [ RunTime:0.0002s ]
NOTIC: [8] Undefined offset: 0 E:\wamp\www\branches\out_excel\src\Home\Model\UserMgrModel.class.php 第 155 行.
NOTIC: [8] Undefined index:  E:\wamp\www\branches\out_excel\src\Common\Common\function.php 第 135 行.
SQL: select name from game where id=113 [ RunTime:0.0002s ]
SQL: select id, ali_name, wx_name, nickname, tel,email, coins, credit, cz_sum, sign_num, level, last_login_time, head_image, is_trainer,password_hash from user where id=0 [ RunTime:0.0002s ]
NOTIC: [8] Undefined offset: 0 E:\wamp\www\branches\out_excel\src\Home\Model\UserMgrModel.class.php 第 155 行.
NOTIC: [8] Undefined index:  E:\wamp\www\branches\out_excel\src\Common\Common\function.php 第 135 行.
SQL: select name from game where id=19 [ RunTime:0.0002s ]
SQL: select id, ali_name, wx_name, nickname, tel,email, coins, credit, cz_sum, sign_num, level, last_login_time, head_image, is_trainer,password_hash from user where id=0 [ RunTime:0.0003s ]
NOTIC: [8] Undefined offset: 0 E:\wamp\www\branches\out_excel\src\Home\Model\UserMgrModel.class.php 第 155 行.
NOTIC: [8] Undefined index:  E:\wamp\www\branches\out_excel\src\Common\Common\function.php 第 135 行.
SQL: select name from game where id=113 [ RunTime:0.0002s ]
SQL: select id, ali_name, wx_name, nickname, tel,email, coins, credit, cz_sum, sign_num, level, last_login_time, head_image, is_trainer,password_hash from user where id=0 [ RunTime:0.0002s ]
NOTIC: [8] Undefined offset: 0 E:\wamp\www\branches\out_excel\src\Home\Model\UserMgrModel.class.php 第 155 行.
NOTIC: [8] Undefined index:  E:\wamp\www\branches\out_excel\src\Common\Common\function.php 第 135 行.
SQL: select name from game where id=113 [ RunTime:0.0003s ]
SQL: select id, ali_name, wx_name, nickname, tel,email, coins, credit, cz_sum, sign_num, level, last_login_time, head_image, is_trainer,password_hash from user where id=0 [ RunTime:0.0002s ]
NOTIC: [8] Undefined offset: 0 E:\wamp\www\branches\out_excel\src\Home\Model\UserMgrModel.class.php 第 155 行.
NOTIC: [8] Undefined index:  E:\wamp\www\branches\out_excel\src\Common\Common\function.php 第 135 行.
NOTIC: [2] Missing argument 2 for Home\Model\AccountTradeMgrModel::getList(), called in E:\wamp\www\branches\out_excel\src\Home\Controller\IndexController.class.php on line 143 and defined E:\wamp\www\branches\out_excel\src\Home\Model\AccountTradeMgrModel.class.php 第 151 行.
NOTIC: [8] Undefined variable: where E:\wamp\www\branches\out_excel\src\Home\Model\AccountTradeMgrModel.class.php 第 162 行.
SQL: select id, game_id, title, platform, price from account_trade where active= 1 and state = 1  order by id desc [ RunTime:0.0004s ]
SQL: select id, name, currency_name, ios_platform, need_qufu, is_tx, thumbnail_path, ios_url, android_url from game where id=113 [ RunTime:0.0002s ]
SQL: select id, ali_name, wx_name, nickname, tel,email, coins, credit, cz_sum, sign_num, level, last_login_time, head_image, is_trainer,password_hash from user where id=0 [ RunTime:0.0002s ]
NOTIC: [8] Undefined offset: 0 E:\wamp\www\branches\out_excel\src\Home\Model\UserMgrModel.class.php 第 155 行.
NOTIC: [8] Undefined index:  E:\wamp\www\branches\out_excel\src\Common\Common\function.php 第 135 行.
NOTIC: [8] Undefined variable: uInfo E:\wamp\www\branches\out_excel\src\Home\Controller\IndexController.class.php 第 148 行.
SQL: select html_title as seo_title, html_keyword as seo_keyword, html_description as seo_description from seo where url='Index/index' [ RunTime:0.0002s ]
NOTIC: [8] Undefined offset: 0 E:\wamp\www\branches\out_excel\src\Home\Model\SEOMgrModel.class.php 第 19 行.
INFO: [ view_parse ] --START--
INFO: [ template_filter ] --START--
INFO: Run Behavior\ContentReplaceBehavior [ RunTime:0.000226s ]
INFO: [ template_filter ] --END-- [ RunTime:0.000355s ]
SQL: select A.game_id,B.name from search_game_list as A
    	LEFT JOIN game as B ON A.game_id = B.id
    	order by A.id desc limit 4 [ RunTime:0.0003s ]
INFO: Run Behavior\ParseTemplateBehavior [ RunTime:0.066128s ]
INFO: [ view_parse ] --END-- [ RunTime:0.066267s ]
INFO: [ view_filter ] --START--
INFO: Run Behavior\WriteHtmlCacheBehavior [ RunTime:0.000563s ]
INFO: [ view_filter ] --END-- [ RunTime:0.000677s ]
INFO: [ app_end ] --START--
INFO: Run Behavior\ShowPageTraceBehavior [ RunTime:0.000801s ]
INFO: [ app_end ] --END-- [ RunTime:0.000925s ]

[ 2016-03-01T09:32:28+08:00 ] 127.0.0.1 /branches/out_excel/Public/upload/banner/5698629bc5408.jpg
INFO: [ app_init ] --START--
INFO: Run Behavior\BuildLiteBehavior [ RunTime:0.000022s ]
INFO: [ app_init ] --END-- [ RunTime:0.000122s ]

[ 2016-03-01T09:32:28+08:00 ] 127.0.0.1 /branches/out_excel/Public/upload/banner/56a0ab3da2f67.jpg
INFO: [ app_init ] --START--
INFO: Run Behavior\BuildLiteBehavior [ RunTime:0.000022s ]
INFO: [ app_init ] --END-- [ RunTime:0.000224s ]

[ 2016-03-01T09:32:28+08:00 ] 127.0.0.1 /branches/out_excel/Public/upload/banner/5698628943663.jpg
INFO: [ app_init ] --START--
INFO: Run Behavior\BuildLiteBehavior [ RunTime:0.000024s ]
INFO: [ app_init ] --END-- [ RunTime:0.000217s ]

[ 2016-03-01T09:32:34+08:00 ] 127.0.0.1 /branches/out_excel/
INFO: [ app_init ] --START--
INFO: Run Behavior\BuildLiteBehavior [ RunTime:0.000023s ]
INFO: [ app_init ] --END-- [ RunTime:0.000132s ]
INFO: [ app_begin ] --START--
INFO: Run Behavior\ReadHtmlCacheBehavior [ RunTime:0.000588s ]
INFO: [ app_begin ] --END-- [ RunTime:0.000722s ]
NOTIC: [2048] Declaration of Home\Controller\DetectorController::display() should be compatible with that of Think\Controller::display() E:\wamp\www\branches\out_excel\src\Home\Controller\DetectorController.class.php 第 10 行.
NOTIC: [8] Undefined index: index E:\wamp\www\branches\out_excel\src\Common\Common\function.php 第 310 行.
NOTIC: [2] in_array() expects parameter 2 to be array, null given E:\wamp\www\branches\out_excel\src\Common\Common\function.php 第 311 行.
NOTIC: [8] Undefined index: index E:\wamp\www\branches\out_excel\src\Common\Common\function.php 第 319 行.
NOTIC: [2] array_key_exists() expects parameter 2 to be array, null given E:\wamp\www\branches\out_excel\src\Common\Common\function.php 第 321 行.
SQL: select id, href, img, title from banner order by priority desc [ RunTime:0.0003s ]
SQL: select DISTINCT(pinyin_category) as letter from game where ios_platform=1 order by letter [ RunTime:0.0006s ]
SQL: select A.game_id,B.name,B.thumbnail_path from suggested_game_list as A
    	LEFT JOIN game as B ON A.game_id = B.id
    	order by B.priority desc limit 14 [ RunTime:0.0003s ]
SQL: select id,title from news order by created_date desc limit 8 [ RunTime:0.0002s ]
SQL: select name,url from friend_link [ RunTime:0.0002s ]
SQL: select id, game_id,title, platform, price from package where state>=3 order by id desc [ RunTime:0.0004s ]
SQL: select name from game where id=113 [ RunTime:0.0003s ]
SQL: select id, ali_name, wx_name, nickname, tel,email, coins, credit, cz_sum, sign_num, level, last_login_time, head_image, is_trainer,password_hash from user where id=0 [ RunTime:0.0003s ]
NOTIC: [8] Undefined offset: 0 E:\wamp\www\branches\out_excel\src\Home\Model\UserMgrModel.class.php 第 155 行.
NOTIC: [8] Undefined index:  E:\wamp\www\branches\out_excel\src\Common\Common\function.php 第 135 行.
SQL: select name from game where id=113 [ RunTime:0.0002s ]
SQL: select id, ali_name, wx_name, nickname, tel,email, coins, credit, cz_sum, sign_num, level, last_login_time, head_image, is_trainer,password_hash from user where id=0 [ RunTime:0.0002s ]
NOTIC: [8] Undefined offset: 0 E:\wamp\www\branches\out_excel\src\Home\Model\UserMgrModel.class.php 第 155 行.
NOTIC: [8] Undefined index:  E:\wamp\www\branches\out_excel\src\Common\Common\function.php 第 135 行.
SQL: select name from game where id=113 [ RunTime:0.0001s ]
SQL: select id, ali_name, wx_name, nickname, tel,email, coins, credit, cz_sum, sign_num, level, last_login_time, head_image, is_trainer,password_hash from user where id=0 [ RunTime:0.0002s ]
NOTIC: [8] Undefined offset: 0 E:\wamp\www\branches\out_excel\src\Home\Model\UserMgrModel.class.php 第 155 行.
NOTIC: [8] Undefined index:  E:\wamp\www\branches\out_excel\src\Common\Common\function.php 第 135 行.
SQL: select name from game where id=113 [ RunTime:0.0001s ]
SQL: select id, ali_name, wx_name, nickname, tel,email, coins, credit, cz_sum, sign_num, level, last_login_time, head_image, is_trainer,password_hash from user where id=0 [ RunTime:0.0002s ]
NOTIC: [8] Undefined offset: 0 E:\wamp\www\branches\out_excel\src\Home\Model\UserMgrModel.class.php 第 155 行.
NOTIC: [8] Undefined index:  E:\wamp\www\branches\out_excel\src\Common\Common\function.php 第 135 行.
SQL: select id, game_id, title, platform, price from requirement where state>=2 order by id desc [ RunTime:0.0002s ]
SQL: select name from game where id=113 [ RunTime:0.0001s ]
SQL: select id, ali_name, wx_name, nickname, tel,email, coins, credit, cz_sum, sign_num, level, last_login_time, head_image, is_trainer,password_hash from user where id=0 [ RunTime:0.0002s ]
NOTIC: [8] Undefined offset: 0 E:\wamp\www\branches\out_excel\src\Home\Model\UserMgrModel.class.php 第 155 行.
NOTIC: [8] Undefined index:  E:\wamp\www\branches\out_excel\src\Common\Common\function.php 第 135 行.
SQL: select name from game where id=19 [ RunTime:0.0001s ]
SQL: select id, ali_name, wx_name, nickname, tel,email, coins, credit, cz_sum, sign_num, level, last_login_time, head_image, is_trainer,password_hash from user where id=0 [ RunTime:0.0002s ]
NOTIC: [8] Undefined offset: 0 E:\wamp\www\branches\out_excel\src\Home\Model\UserMgrModel.class.php 第 155 行.
NOTIC: [8] Undefined index:  E:\wamp\www\branches\out_excel\src\Common\Common\function.php 第 135 行.
SQL: select name from game where id=19 [ RunTime:0.0001s ]
SQL: select id, ali_name, wx_name, nickname, tel,email, coins, credit, cz_sum, sign_num, level, last_login_time, head_image, is_trainer,password_hash from user where id=0 [ RunTime:0.0002s ]
NOTIC: [8] Undefined offset: 0 E:\wamp\www\branches\out_excel\src\Home\Model\UserMgrModel.class.php 第 155 行.
NOTIC: [8] Undefined index:  E:\wamp\www\branches\out_excel\src\Common\Common\function.php 第 135 行.
SQL: select name from game where id=113 [ RunTime:0.0001s ]
SQL: select id, ali_name, wx_name, nickname, tel,email, coins, credit, cz_sum, sign_num, level, last_login_time, head_image, is_trainer,password_hash from user where id=0 [ RunTime:0.0002s ]
NOTIC: [8] Undefined offset: 0 E:\wamp\www\branches\out_excel\src\Home\Model\UserMgrModel.class.php 第 155 行.
NOTIC: [8] Undefined index:  E:\wamp\www\branches\out_excel\src\Common\Common\function.php 第 135 行.
SQL: select name from game where id=19 [ RunTime:0.0001s ]
SQL: select id, ali_name, wx_name, nickname, tel,email, coins, credit, cz_sum, sign_num, level, last_login_time, head_image, is_trainer,password_hash from user where id=0 [ RunTime:0.0002s ]
NOTIC: [8] Undefined offset: 0 E:\wamp\www\branches\out_excel\src\Home\Model\UserMgrModel.class.php 第 155 行.
NOTIC: [8] Undefined index:  E:\wamp\www\branches\out_excel\src\Common\Common\function.php 第 135 行.
SQL: select name from game where id=113 [ RunTime:0.0002s ]
SQL: select id, ali_name, wx_name, nickname, tel,email, coins, credit, cz_sum, sign_num, level, last_login_time, head_image, is_trainer,password_hash from user where id=0 [ RunTime:0.0002s ]
NOTIC: [8] Undefined offset: 0 E:\wamp\www\branches\out_excel\src\Home\Model\UserMgrModel.class.php 第 155 行.
NOTIC: [8] Undefined index:  E:\wamp\www\branches\out_excel\src\Common\Common\function.php 第 135 行.
SQL: select name from game where id=113 [ RunTime:0.0002s ]
SQL: select id, ali_name, wx_name, nickname, tel,email, coins, credit, cz_sum, sign_num, level, last_login_time, head_image, is_trainer,password_hash from user where id=0 [ RunTime:0.0002s ]
NOTIC: [8] Undefined offset: 0 E:\wamp\www\branches\out_excel\src\Home\Model\UserMgrModel.class.php 第 155 行.
NOTIC: [8] Undefined index:  E:\wamp\www\branches\out_excel\src\Common\Common\function.php 第 135 行.
NOTIC: [2] Missing argument 2 for Home\Model\AccountTradeMgrModel::getList(), called in E:\wamp\www\branches\out_excel\src\Home\Controller\IndexController.class.php on line 143 and defined E:\wamp\www\branches\out_excel\src\Home\Model\AccountTradeMgrModel.class.php 第 151 行.
NOTIC: [8] Undefined variable: where E:\wamp\www\branches\out_excel\src\Home\Model\AccountTradeMgrModel.class.php 第 162 行.
SQL: select id, game_id, title, platform, price from account_trade where active= 1 and state = 1  order by id desc [ RunTime:0.0003s ]
SQL: select id, name, currency_name, ios_platform, need_qufu, is_tx, thumbnail_path, ios_url, android_url from game where id=113 [ RunTime:0.0002s ]
SQL: select id, ali_name, wx_name, nickname, tel,email, coins, credit, cz_sum, sign_num, level, last_login_time, head_image, is_trainer,password_hash from user where id=0 [ RunTime:0.0003s ]
NOTIC: [8] Undefined offset: 0 E:\wamp\www\branches\out_excel\src\Home\Model\UserMgrModel.class.php 第 155 行.
NOTIC: [8] Undefined index:  E:\wamp\www\branches\out_excel\src\Common\Common\function.php 第 135 行.
NOTIC: [8] Undefined variable: uInfo E:\wamp\www\branches\out_excel\src\Home\Controller\IndexController.class.php 第 148 行.
SQL: select html_title as seo_title, html_keyword as seo_keyword, html_description as seo_description from seo where url='Index/index' [ RunTime:0.0001s ]
NOTIC: [8] Undefined offset: 0 E:\wamp\www\branches\out_excel\src\Home\Model\SEOMgrModel.class.php 第 19 行.
INFO: [ view_parse ] --START--
INFO: [ template_filter ] --START--
INFO: Run Behavior\ContentReplaceBehavior [ RunTime:0.000183s ]
INFO: [ template_filter ] --END-- [ RunTime:0.000300s ]
SQL: select A.game_id,B.name from search_game_list as A
    	LEFT JOIN game as B ON A.game_id = B.id
    	order by A.id desc limit 4 [ RunTime:0.0003s ]
INFO: Run Behavior\ParseTemplateBehavior [ RunTime:0.037548s ]
INFO: [ view_parse ] --END-- [ RunTime:0.037658s ]
INFO: [ view_filter ] --START--
INFO: Run Behavior\WriteHtmlCacheBehavior [ RunTime:0.000423s ]
INFO: [ view_filter ] --END-- [ RunTime:0.000525s ]
INFO: [ app_end ] --START--
INFO: Run Behavior\ShowPageTraceBehavior [ RunTime:0.000564s ]
INFO: [ app_end ] --END-- [ RunTime:0.000664s ]

[ 2016-03-01T09:32:34+08:00 ] 127.0.0.1 /branches/out_excel/Public/upload/banner/5698629bc5408.jpg
INFO: [ app_init ] --START--
INFO: Run Behavior\BuildLiteBehavior [ RunTime:0.000024s ]
INFO: [ app_init ] --END-- [ RunTime:0.000129s ]

[ 2016-03-01T09:32:34+08:00 ] 127.0.0.1 /branches/out_excel/Public/upload/banner/5698628943663.jpg
INFO: [ app_init ] --START--
INFO: Run Behavior\BuildLiteBehavior [ RunTime:0.000024s ]
INFO: [ app_init ] --END-- [ RunTime:0.000132s ]

[ 2016-03-01T09:32:34+08:00 ] 127.0.0.1 /branches/out_excel/Public/upload/banner/56a0ab3da2f67.jpg
INFO: [ app_init ] --START--
INFO: Run Behavior\BuildLiteBehavior [ RunTime:0.000025s ]
INFO: [ app_init ] --END-- [ RunTime:0.000131s ]

[ 2016-03-01T09:32:35+08:00 ] 127.0.0.1 /branches/out_excel/Index/ajax_get_czios_list
INFO: [ app_init ] --START--
INFO: Run Behavior\BuildLiteBehavior [ RunTime:0.000029s ]
INFO: [ app_init ] --END-- [ RunTime:0.000160s ]
INFO: [ app_begin ] --START--
INFO: Run Behavior\ReadHtmlCacheBehavior [ RunTime:0.000620s ]
INFO: [ app_begin ] --END-- [ RunTime:0.000738s ]
NOTIC: [2048] Declaration of Home\Controller\DetectorController::display() should be compatible with that of Think\Controller::display() E:\wamp\www\branches\out_excel\src\Home\Controller\DetectorController.class.php 第 10 行.
NOTIC: [8] Undefined index: index E:\wamp\www\branches\out_excel\src\Common\Common\function.php 第 310 行.
NOTIC: [2] in_array() expects parameter 2 to be array, null given E:\wamp\www\branches\out_excel\src\Common\Common\function.php 第 311 行.
NOTIC: [8] Undefined index: index E:\wamp\www\branches\out_excel\src\Common\Common\function.php 第 319 行.
NOTIC: [2] array_key_exists() expects parameter 2 to be array, null given E:\wamp\www\branches\out_excel\src\Common\Common\function.php 第 321 行.
SQL: select id,name,pinyin_category, thumbnail_path, ios_platform, android_platform from game where ios_platform=1 order by pinyin_category,priority desc [ RunTime:0.0019s ]

[ 2016-03-01T09:32:35+08:00 ] 127.0.0.1 /branches/out_excel/Public/upload/banner/5698629bc5408.jpg
INFO: [ app_init ] --START--
INFO: Run Behavior\BuildLiteBehavior [ RunTime:0.000025s ]
INFO: [ app_init ] --END-- [ RunTime:0.000133s ]

[ 2016-03-01T09:32:35+08:00 ] 127.0.0.1 /branches/out_excel/Index/ajax_get_strategy_list
INFO: [ app_init ] --START--
INFO: Run Behavior\BuildLiteBehavior [ RunTime:0.000028s ]
INFO: [ app_init ] --END-- [ RunTime:0.000175s ]
INFO: [ app_begin ] --START--
INFO: Run Behavior\ReadHtmlCacheBehavior [ RunTime:0.000562s ]
INFO: [ app_begin ] --END-- [ RunTime:0.000652s ]
NOTIC: [2048] Declaration of Home\Controller\DetectorController::display() should be compatible with that of Think\Controller::display() E:\wamp\www\branches\out_excel\src\Home\Controller\DetectorController.class.php 第 10 行.
NOTIC: [8] Undefined index: index E:\wamp\www\branches\out_excel\src\Common\Common\function.php 第 310 行.
NOTIC: [2] in_array() expects parameter 2 to be array, null given E:\wamp\www\branches\out_excel\src\Common\Common\function.php 第 311 行.
NOTIC: [8] Undefined index: index E:\wamp\www\branches\out_excel\src\Common\Common\function.php 第 319 行.
NOTIC: [2] array_key_exists() expects parameter 2 to be array, null given E:\wamp\www\branches\out_excel\src\Common\Common\function.php 第 321 行.
SQL: select id,title,game_id from game_strategy order by id DESC limit 0, 8 [ RunTime:0.0003s ]
SQL: select id, name, currency_name, ios_platform, need_qufu, is_tx, thumbnail_path, ios_url, android_url from game where id=9 [ RunTime:0.0005s ]
SQL: select id, name, currency_name, ios_platform, need_qufu, is_tx, thumbnail_path, ios_url, android_url from game where id=8 [ RunTime:0.0003s ]
SQL: select id, name, currency_name, ios_platform, need_qufu, is_tx, thumbnail_path, ios_url, android_url from game where id=6 [ RunTime:0.0002s ]
SQL: select id, name, currency_name, ios_platform, need_qufu, is_tx, thumbnail_path, ios_url, android_url from game where id=6 [ RunTime:0.0002s ]
NOTIC: [8] Undefined variable: show E:\wamp\www\branches\out_excel\src\Home\Model\EvoluationStrategyMgrModel.class.php 第 44 行.

[ 2016-03-01T09:32:35+08:00 ] 127.0.0.1 /branches/out_excel/Index/ajax_get_evoluation_list
INFO: [ app_init ] --START--
INFO: Run Behavior\BuildLiteBehavior [ RunTime:0.000021s ]
INFO: [ app_init ] --END-- [ RunTime:0.000125s ]
INFO: [ app_begin ] --START--
INFO: Run Behavior\ReadHtmlCacheBehavior [ RunTime:0.000480s ]
INFO: [ app_begin ] --END-- [ RunTime:0.000572s ]
NOTIC: [2048] Declaration of Home\Controller\DetectorController::display() should be compatible with that of Think\Controller::display() E:\wamp\www\branches\out_excel\src\Home\Controller\DetectorController.class.php 第 10 行.
NOTIC: [8] Undefined index: index E:\wamp\www\branches\out_excel\src\Common\Common\function.php 第 310 行.
NOTIC: [2] in_array() expects parameter 2 to be array, null given E:\wamp\www\branches\out_excel\src\Common\Common\function.php 第 311 行.
NOTIC: [8] Undefined index: index E:\wamp\www\branches\out_excel\src\Common\Common\function.php 第 319 行.
NOTIC: [2] array_key_exists() expects parameter 2 to be array, null given E:\wamp\www\branches\out_excel\src\Common\Common\function.php 第 321 行.
SQL: select id,title,game_id from game_evaluation order by id DESC limit 0, 8 [ RunTime:0.0003s ]
SQL: select id, name, currency_name, ios_platform, need_qufu, is_tx, thumbnail_path, ios_url, android_url from game where id=8 [ RunTime:0.0003s ]
SQL: select id, name, currency_name, ios_platform, need_qufu, is_tx, thumbnail_path, ios_url, android_url from game where id=6 [ RunTime:0.0002s ]
SQL: select id, name, currency_name, ios_platform, need_qufu, is_tx, thumbnail_path, ios_url, android_url from game where id=6 [ RunTime:0.0003s ]
SQL: select id, name, currency_name, ios_platform, need_qufu, is_tx, thumbnail_path, ios_url, android_url from game where id=113 [ RunTime:0.0002s ]
SQL: select id, name, currency_name, ios_platform, need_qufu, is_tx, thumbnail_path, ios_url, android_url from game where id=113 [ RunTime:0.0002s ]
SQL: select id, name, currency_name, ios_platform, need_qufu, is_tx, thumbnail_path, ios_url, android_url from game where id=13 [ RunTime:0.0002s ]
SQL: select id, name, currency_name, ios_platform, need_qufu, is_tx, thumbnail_path, ios_url, android_url from game where id=13 [ RunTime:0.0002s ]
NOTIC: [8] Undefined variable: show E:\wamp\www\branches\out_excel\src\Home\Model\EvoluationStrategyMgrModel.class.php 第 44 行.

[ 2016-03-01T09:32:35+08:00 ] 127.0.0.1 /branches/out_excel/Index/ajax_get_iossc_list
INFO: [ app_init ] --START--
INFO: Run Behavior\BuildLiteBehavior [ RunTime:0.000023s ]
INFO: [ app_init ] --END-- [ RunTime:0.000129s ]
INFO: [ app_begin ] --START--
INFO: Run Behavior\ReadHtmlCacheBehavior [ RunTime:0.000558s ]
INFO: [ app_begin ] --END-- [ RunTime:0.000660s ]
NOTIC: [2048] Declaration of Home\Controller\DetectorController::display() should be compatible with that of Think\Controller::display() E:\wamp\www\branches\out_excel\src\Home\Controller\DetectorController.class.php 第 10 行.
NOTIC: [8] Undefined index: index E:\wamp\www\branches\out_excel\src\Common\Common\function.php 第 310 行.
NOTIC: [2] in_array() expects parameter 2 to be array, null given E:\wamp\www\branches\out_excel\src\Common\Common\function.php 第 311 行.
NOTIC: [8] Undefined index: index E:\wamp\www\branches\out_excel\src\Common\Common\function.php 第 319 行.
NOTIC: [2] array_key_exists() expects parameter 2 to be array, null given E:\wamp\www\branches\out_excel\src\Common\Common\function.php 第 321 行.
SQL: select distinct(sc.game_id), sc.id,sc.details,sc.price,g.name
    	from sc_account_ios sc,game g
    	where sc.is_on_sale=1 and sc.game_id = g.id GROUP BY g.id order by sc.id desc limit 8 [ RunTime:0.0004s ]

[ 2016-03-01T09:32:35+08:00 ] 127.0.0.1 /branches/out_excel/Index/ajax_get_czpackage_list
INFO: [ app_init ] --START--
INFO: Run Behavior\BuildLiteBehavior [ RunTime:0.000020s ]
INFO: [ app_init ] --END-- [ RunTime:0.000116s ]
INFO: [ app_begin ] --START--
INFO: Run Behavior\ReadHtmlCacheBehavior [ RunTime:0.000587s ]
INFO: [ app_begin ] --END-- [ RunTime:0.000683s ]
NOTIC: [2048] Declaration of Home\Controller\DetectorController::display() should be compatible with that of Think\Controller::display() E:\wamp\www\branches\out_excel\src\Home\Controller\DetectorController.class.php 第 10 行.
NOTIC: [8] Undefined index: index E:\wamp\www\branches\out_excel\src\Common\Common\function.php 第 310 行.
NOTIC: [2] in_array() expects parameter 2 to be array, null given E:\wamp\www\branches\out_excel\src\Common\Common\function.php 第 311 行.
NOTIC: [8] Undefined index: index E:\wamp\www\branches\out_excel\src\Common\Common\function.php 第 319 行.
NOTIC: [2] array_key_exists() expects parameter 2 to be array, null given E:\wamp\www\branches\out_excel\src\Common\Common\function.php 第 321 行.
NOTIC: [2] Missing argument 2 for Home\Model\IOSCZPackageModel::getListLimit(), called in E:\wamp\www\branches\out_excel\src\Home\Controller\IndexController.class.php on line 221 and defined E:\wamp\www\branches\out_excel\src\Home\Model\IOSCZPackageModel.class.php 第 40 行.
NOTIC: [8] Undefined variable: extraParams E:\wamp\www\branches\out_excel\src\Home\Model\IOSCZPackageModel.class.php 第 44 行.
SQL: select A.id,A.price,A.real_price,B.name,B.thumbnail_path,A.option_text,A.sum_number from cz_package AS A
    	    LEFT JOIN `game` AS B ON A.game_id = B.id  order by A.active desc,A.id desc limit 8 [ RunTime:0.0008s ]
SQL: select sum(bought_num) as sum from cz_package_order where cz_package_id = '17' and is_paid=1 and state!=6 [ RunTime:0.0009s ]
SQL: select sum(bought_num) as sum from cz_package_order where cz_package_id = '15' and is_paid=1 and state!=6 [ RunTime:0.0003s ]
SQL: select sum(bought_num) as sum from cz_package_order where cz_package_id = '14' and is_paid=1 and state!=6 [ RunTime:0.0003s ]
SQL: select sum(bought_num) as sum from cz_package_order where cz_package_id = '13' and is_paid=1 and state!=6 [ RunTime:0.0004s ]
SQL: select sum(bought_num) as sum from cz_package_order where cz_package_id = '12' and is_paid=1 and state!=6 [ RunTime:0.0005s ]
SQL: select sum(bought_num) as sum from cz_package_order where cz_package_id = '16' and is_paid=1 and state!=6 [ RunTime:0.0009s ]
SQL: select sum(bought_num) as sum from cz_package_order where cz_package_id = '11' and is_paid=1 and state!=6 [ RunTime:0.0004s ]
NOTIC: [2] Division by zero E:\wamp\www\branches\out_excel\src\Home\Model\IOSCZPackageModel.class.php 第 95 行.
SQL: select sum(bought_num) as sum from cz_package_order where cz_package_id = '10' and is_paid=1 and state!=6 [ RunTime:0.0003s ]
NOTIC: [2] Division by zero E:\wamp\www\branches\out_excel\src\Home\Model\IOSCZPackageModel.class.php 第 95 行.

[ 2016-03-01T09:32:35+08:00 ] 127.0.0.1 /branches/out_excel/Index/ajax_get_androidsc_list
INFO: [ app_init ] --START--
INFO: Run Behavior\BuildLiteBehavior [ RunTime:0.000024s ]
INFO: [ app_init ] --END-- [ RunTime:0.000136s ]
INFO: [ app_begin ] --START--
INFO: Run Behavior\ReadHtmlCacheBehavior [ RunTime:0.000652s ]
INFO: [ app_begin ] --END-- [ RunTime:0.000748s ]
NOTIC: [2048] Declaration of Home\Controller\DetectorController::display() should be compatible with that of Think\Controller::display() E:\wamp\www\branches\out_excel\src\Home\Controller\DetectorController.class.php 第 10 行.
NOTIC: [8] Undefined index: index E:\wamp\www\branches\out_excel\src\Common\Common\function.php 第 310 行.
NOTIC: [2] in_array() expects parameter 2 to be array, null given E:\wamp\www\branches\out_excel\src\Common\Common\function.php 第 311 行.
NOTIC: [8] Undefined index: index E:\wamp\www\branches\out_excel\src\Common\Common\function.php 第 319 行.
NOTIC: [2] array_key_exists() expects parameter 2 to be array, null given E:\wamp\www\branches\out_excel\src\Common\Common\function.php 第 321 行.
SQL: select distinct(sc.game_id), sc.id,sc.details,sc.price,g.name
    	from sc_account_android sc,game g
    	where sc.is_on_sale=1 and sc.game_id = g.id group by g.id order by sc.id desc limit 8 [ RunTime:0.0005s ]

[ 2016-03-01T09:39:51+08:00 ] 127.0.0.1 /branches/out_excel/getPicture
INFO: [ app_init ] --START--
INFO: Run Behavior\BuildLiteBehavior [ RunTime:0.000024s ]
INFO: [ app_init ] --END-- [ RunTime:0.000133s ]
INFO: [ app_begin ] --START--
INFO: Run Behavior\ReadHtmlCacheBehavior [ RunTime:0.000685s ]
INFO: [ app_begin ] --END-- [ RunTime:0.000795s ]
ERR: 无法加载控制器:GetPicture

[ 2016-03-01T09:39:56+08:00 ] 127.0.0.1 /branches/out_excel/
INFO: [ app_init ] --START--
INFO: Run Behavior\BuildLiteBehavior [ RunTime:0.000025s ]
INFO: [ app_init ] --END-- [ RunTime:0.000139s ]
INFO: [ app_begin ] --START--
INFO: Run Behavior\ReadHtmlCacheBehavior [ RunTime:0.000549s ]
INFO: [ app_begin ] --END-- [ RunTime:0.000662s ]
NOTIC: [2048] Declaration of Home\Controller\DetectorController::display() should be compatible with that of Think\Controller::display() E:\wamp\www\branches\out_excel\src\Home\Controller\DetectorController.class.php 第 10 行.
NOTIC: [8] Undefined index: index E:\wamp\www\branches\out_excel\src\Common\Common\function.php 第 310 行.
NOTIC: [2] in_array() expects parameter 2 to be array, null given E:\wamp\www\branches\out_excel\src\Common\Common\function.php 第 311 行.
NOTIC: [8] Undefined index: index E:\wamp\www\branches\out_excel\src\Common\Common\function.php 第 319 行.
NOTIC: [2] array_key_exists() expects parameter 2 to be array, null given E:\wamp\www\branches\out_excel\src\Common\Common\function.php 第 321 行.
SQL: select id, href, img, title from banner order by priority desc [ RunTime:0.0003s ]
SQL: select DISTINCT(pinyin_category) as letter from game where ios_platform=1 order by letter [ RunTime:0.0006s ]
SQL: select A.game_id,B.name,B.thumbnail_path from suggested_game_list as A
    	LEFT JOIN game as B ON A.game_id = B.id
    	order by B.priority desc limit 14 [ RunTime:0.0004s ]
SQL: select id,title from news order by created_date desc limit 8 [ RunTime:0.0002s ]
SQL: select name,url from friend_link [ RunTime:0.0002s ]
SQL: select id, game_id,title, platform, price from package where state>=3 order by id desc [ RunTime:0.0002s ]
SQL: select name from game where id=113 [ RunTime:0.0001s ]
SQL: select id, ali_name, wx_name, nickname, tel,email, coins, credit, cz_sum, sign_num, level, last_login_time, head_image, is_trainer,password_hash from user where id=0 [ RunTime:0.0002s ]
NOTIC: [8] Undefined offset: 0 E:\wamp\www\branches\out_excel\src\Home\Model\UserMgrModel.class.php 第 155 行.
NOTIC: [8] Undefined index:  E:\wamp\www\branches\out_excel\src\Common\Common\function.php 第 135 行.
SQL: select name from game where id=113 [ RunTime:0.0003s ]
SQL: select id, ali_name, wx_name, nickname, tel,email, coins, credit, cz_sum, sign_num, level, last_login_time, head_image, is_trainer,password_hash from user where id=0 [ RunTime:0.0002s ]
NOTIC: [8] Undefined offset: 0 E:\wamp\www\branches\out_excel\src\Home\Model\UserMgrModel.class.php 第 155 行.
NOTIC: [8] Undefined index:  E:\wamp\www\branches\out_excel\src\Common\Common\function.php 第 135 行.
SQL: select name from game where id=113 [ RunTime:0.0002s ]
SQL: select id, ali_name, wx_name, nickname, tel,email, coins, credit, cz_sum, sign_num, level, last_login_time, head_image, is_trainer,password_hash from user where id=0 [ RunTime:0.0002s ]
NOTIC: [8] Undefined offset: 0 E:\wamp\www\branches\out_excel\src\Home\Model\UserMgrModel.class.php 第 155 行.
NOTIC: [8] Undefined index:  E:\wamp\www\branches\out_excel\src\Common\Common\function.php 第 135 行.
SQL: select name from game where id=113 [ RunTime:0.0001s ]
SQL: select id, ali_name, wx_name, nickname, tel,email, coins, credit, cz_sum, sign_num, level, last_login_time, head_image, is_trainer,password_hash from user where id=0 [ RunTime:0.0002s ]
NOTIC: [8] Undefined offset: 0 E:\wamp\www\branches\out_excel\src\Home\Model\UserMgrModel.class.php 第 155 行.
NOTIC: [8] Undefined index:  E:\wamp\www\branches\out_excel\src\Common\Common\function.php 第 135 行.
SQL: select id, game_id, title, platform, price from requirement where state>=2 order by id desc [ RunTime:0.0002s ]
SQL: select name from game where id=113 [ RunTime:0.0001s ]
SQL: select id, ali_name, wx_name, nickname, tel,email, coins, credit, cz_sum, sign_num, level, last_login_time, head_image, is_trainer,password_hash from user where id=0 [ RunTime:0.0002s ]
NOTIC: [8] Undefined offset: 0 E:\wamp\www\branches\out_excel\src\Home\Model\UserMgrModel.class.php 第 155 行.
NOTIC: [8] Undefined index:  E:\wamp\www\branches\out_excel\src\Common\Common\function.php 第 135 行.
SQL: select name from game where id=19 [ RunTime:0.0001s ]
SQL: select id, ali_name, wx_name, nickname, tel,email, coins, credit, cz_sum, sign_num, level, last_login_time, head_image, is_trainer,password_hash from user where id=0 [ RunTime:0.0002s ]
NOTIC: [8] Undefined offset: 0 E:\wamp\www\branches\out_excel\src\Home\Model\UserMgrModel.class.php 第 155 行.
NOTIC: [8] Undefined index:  E:\wamp\www\branches\out_excel\src\Common\Common\function.php 第 135 行.
SQL: select name from game where id=19 [ RunTime:0.0001s ]
SQL: select id, ali_name, wx_name, nickname, tel,email, coins, credit, cz_sum, sign_num, level, last_login_time, head_image, is_trainer,password_hash from user where id=0 [ RunTime:0.0002s ]
NOTIC: [8] Undefined offset: 0 E:\wamp\www\branches\out_excel\src\Home\Model\UserMgrModel.class.php 第 155 行.
NOTIC: [8] Undefined index:  E:\wamp\www\branches\out_excel\src\Common\Common\function.php 第 135 行.
SQL: select name from game where id=113 [ RunTime:0.0002s ]
SQL: select id, ali_name, wx_name, nickname, tel,email, coins, credit, cz_sum, sign_num, level, last_login_time, head_image, is_trainer,password_hash from user where id=0 [ RunTime:0.0002s ]
NOTIC: [8] Undefined offset: 0 E:\wamp\www\branches\out_excel\src\Home\Model\UserMgrModel.class.php 第 155 行.
NOTIC: [8] Undefined index:  E:\wamp\www\branches\out_excel\src\Common\Common\function.php 第 135 行.
SQL: select name from game where id=19 [ RunTime:0.0001s ]
SQL: select id, ali_name, wx_name, nickname, tel,email, coins, credit, cz_sum, sign_num, level, last_login_time, head_image, is_trainer,password_hash from user where id=0 [ RunTime:0.0002s ]
NOTIC: [8] Undefined offset: 0 E:\wamp\www\branches\out_excel\src\Home\Model\UserMgrModel.class.php 第 155 行.
NOTIC: [8] Undefined index:  E:\wamp\www\branches\out_excel\src\Common\Common\function.php 第 135 行.
SQL: select name from game where id=113 [ RunTime:0.0001s ]
SQL: select id, ali_name, wx_name, nickname, tel,email, coins, credit, cz_sum, sign_num, level, last_login_time, head_image, is_trainer,password_hash from user where id=0 [ RunTime:0.0002s ]
NOTIC: [8] Undefined offset: 0 E:\wamp\www\branches\out_excel\src\Home\Model\UserMgrModel.class.php 第 155 行.
NOTIC: [8] Undefined index:  E:\wamp\www\branches\out_excel\src\Common\Common\function.php 第 135 行.
SQL: select name from game where id=113 [ RunTime:0.0001s ]
SQL: select id, ali_name, wx_name, nickname, tel,email, coins, credit, cz_sum, sign_num, level, last_login_time, head_image, is_trainer,password_hash from user where id=0 [ RunTime:0.0002s ]
NOTIC: [8] Undefined offset: 0 E:\wamp\www\branches\out_excel\src\Home\Model\UserMgrModel.class.php 第 155 行.
NOTIC: [8] Undefined index:  E:\wamp\www\branches\out_excel\src\Common\Common\function.php 第 135 行.
NOTIC: [2] Missing argument 2 for Home\Model\AccountTradeMgrModel::getList(), called in E:\wamp\www\branches\out_excel\src\Home\Controller\IndexController.class.php on line 143 and defined E:\wamp\www\branches\out_excel\src\Home\Model\AccountTradeMgrModel.class.php 第 151 行.
NOTIC: [8] Undefined variable: where E:\wamp\www\branches\out_excel\src\Home\Model\AccountTradeMgrModel.class.php 第 162 行.
SQL: select id, game_id, title, platform, price from account_trade where active= 1 and state = 1  order by id desc [ RunTime:0.0003s ]
SQL: select id, name, currency_name, ios_platform, need_qufu, is_tx, thumbnail_path, ios_url, android_url from game where id=113 [ RunTime:0.0002s ]
SQL: select id, ali_name, wx_name, nickname, tel,email, coins, credit, cz_sum, sign_num, level, last_login_time, head_image, is_trainer,password_hash from user where id=0 [ RunTime:0.0002s ]
NOTIC: [8] Undefined offset: 0 E:\wamp\www\branches\out_excel\src\Home\Model\UserMgrModel.class.php 第 155 行.
NOTIC: [8] Undefined index:  E:\wamp\www\branches\out_excel\src\Common\Common\function.php 第 135 行.
NOTIC: [8] Undefined variable: uInfo E:\wamp\www\branches\out_excel\src\Home\Controller\IndexController.class.php 第 148 行.
SQL: select html_title as seo_title, html_keyword as seo_keyword, html_description as seo_description from seo where url='Index/index' [ RunTime:0.0002s ]
NOTIC: [8] Undefined offset: 0 E:\wamp\www\branches\out_excel\src\Home\Model\SEOMgrModel.class.php 第 19 行.
INFO: [ view_parse ] --START--
INFO: [ template_filter ] --START--
INFO: Run Behavior\ContentReplaceBehavior [ RunTime:0.000184s ]
INFO: [ template_filter ] --END-- [ RunTime:0.000298s ]
SQL: select A.game_id,B.name from search_game_list as A
    	LEFT JOIN game as B ON A.game_id = B.id
    	order by A.id desc limit 4 [ RunTime:0.0003s ]
INFO: Run Behavior\ParseTemplateBehavior [ RunTime:0.036369s ]
INFO: [ view_parse ] --END-- [ RunTime:0.036472s ]
INFO: [ view_filter ] --START--
INFO: Run Behavior\WriteHtmlCacheBehavior [ RunTime:0.000473s ]
INFO: [ view_filter ] --END-- [ RunTime:0.000565s ]
INFO: [ app_end ] --START--
INFO: Run Behavior\ShowPageTraceBehavior [ RunTime:0.000590s ]
INFO: [ app_end ] --END-- [ RunTime:0.000682s ]

[ 2016-03-01T09:39:56+08:00 ] 127.0.0.1 /branches/out_excel/Public/upload/banner/5698629bc5408.jpg
INFO: [ app_init ] --START--
INFO: Run Behavior\BuildLiteBehavior [ RunTime:0.000027s ]
INFO: [ app_init ] --END-- [ RunTime:0.000154s ]

[ 2016-03-01T09:39:56+08:00 ] 127.0.0.1 /branches/out_excel/Public/upload/banner/5698628943663.jpg
INFO: [ app_init ] --START--
INFO: Run Behavior\BuildLiteBehavior [ RunTime:0.000023s ]
INFO: [ app_init ] --END-- [ RunTime:0.000125s ]

[ 2016-03-01T09:39:56+08:00 ] 127.0.0.1 /branches/out_excel/Public/upload/banner/56a0ab3da2f67.jpg
INFO: [ app_init ] --START--
INFO: Run Behavior\BuildLiteBehavior [ RunTime:0.000024s ]
INFO: [ app_init ] --END-- [ RunTime:0.000131s ]

[ 2016-03-01T09:39:56+08:00 ] 127.0.0.1 /branches/out_excel/Public/upload/banner/56a0ab3da2f67.jpg
INFO: [ app_init ] --START--
INFO: Run Behavior\BuildLiteBehavior [ RunTime:0.000025s ]
INFO: [ app_init ] --END-- [ RunTime:0.000142s ]

[ 2016-03-01T09:39:56+08:00 ] 127.0.0.1 /branches/out_excel/Public/upload/banner/5698628943663.jpg
INFO: [ app_init ] --START--
INFO: Run Behavior\BuildLiteBehavior [ RunTime:0.000026s ]
INFO: [ app_init ] --END-- [ RunTime:0.000146s ]

[ 2016-03-01T09:39:57+08:00 ] 127.0.0.1 /branches/out_excel/Index/ajax_get_iossc_list
INFO: [ app_init ] --START--
INFO: Run Behavior\BuildLiteBehavior [ RunTime:0.000025s ]
INFO: [ app_init ] --END-- [ RunTime:0.000138s ]
INFO: [ app_begin ] --START--
INFO: Run Behavior\ReadHtmlCacheBehavior [ RunTime:0.000508s ]
INFO: [ app_begin ] --END-- [ RunTime:0.000609s ]
NOTIC: [2048] Declaration of Home\Controller\DetectorController::display() should be compatible with that of Think\Controller::display() E:\wamp\www\branches\out_excel\src\Home\Controller\DetectorController.class.php 第 10 行.
NOTIC: [8] Undefined index: index E:\wamp\www\branches\out_excel\src\Common\Common\function.php 第 310 行.
NOTIC: [2] in_array() expects parameter 2 to be array, null given E:\wamp\www\branches\out_excel\src\Common\Common\function.php 第 311 行.
NOTIC: [8] Undefined index: index E:\wamp\www\branches\out_excel\src\Common\Common\function.php 第 319 行.
NOTIC: [2] array_key_exists() expects parameter 2 to be array, null given E:\wamp\www\branches\out_excel\src\Common\Common\function.php 第 321 行.
SQL: select distinct(sc.game_id), sc.id,sc.details,sc.price,g.name
    	from sc_account_ios sc,game g
    	where sc.is_on_sale=1 and sc.game_id = g.id GROUP BY g.id order by sc.id desc limit 8 [ RunTime:0.0004s ]

[ 2016-03-01T09:39:57+08:00 ] 127.0.0.1 /branches/out_excel/Public/upload/banner/5698629bc5408.jpg
INFO: [ app_init ] --START--
INFO: Run Behavior\BuildLiteBehavior [ RunTime:0.000026s ]
INFO: [ app_init ] --END-- [ RunTime:0.000137s ]

[ 2016-03-01T09:39:57+08:00 ] 127.0.0.1 /branches/out_excel/Index/ajax_get_evoluation_list
INFO: [ app_init ] --START--
INFO: Run Behavior\BuildLiteBehavior [ RunTime:0.000025s ]
INFO: [ app_init ] --END-- [ RunTime:0.000144s ]
INFO: [ app_begin ] --START--
INFO: Run Behavior\ReadHtmlCacheBehavior [ RunTime:0.000826s ]
INFO: [ app_begin ] --END-- [ RunTime:0.000930s ]
NOTIC: [2048] Declaration of Home\Controller\DetectorController::display() should be compatible with that of Think\Controller::display() E:\wamp\www\branches\out_excel\src\Home\Controller\DetectorController.class.php 第 10 行.
NOTIC: [8] Undefined index: index E:\wamp\www\branches\out_excel\src\Common\Common\function.php 第 310 行.
NOTIC: [2] in_array() expects parameter 2 to be array, null given E:\wamp\www\branches\out_excel\src\Common\Common\function.php 第 311 行.
NOTIC: [8] Undefined index: index E:\wamp\www\branches\out_excel\src\Common\Common\function.php 第 319 行.
NOTIC: [2] array_key_exists() expects parameter 2 to be array, null given E:\wamp\www\branches\out_excel\src\Common\Common\function.php 第 321 行.
SQL: select id,title,game_id from game_evaluation order by id DESC limit 0, 8 [ RunTime:0.0008s ]
SQL: select id, name, currency_name, ios_platform, need_qufu, is_tx, thumbnail_path, ios_url, android_url from game where id=8 [ RunTime:0.0014s ]
SQL: select id, name, currency_name, ios_platform, need_qufu, is_tx, thumbnail_path, ios_url, android_url from game where id=6 [ RunTime:0.0011s ]
SQL: select id, name, currency_name, ios_platform, need_qufu, is_tx, thumbnail_path, ios_url, android_url from game where id=6 [ RunTime:0.0003s ]
SQL: select id, name, currency_name, ios_platform, need_qufu, is_tx, thumbnail_path, ios_url, android_url from game where id=113 [ RunTime:0.0002s ]
SQL: select id, name, currency_name, ios_platform, need_qufu, is_tx, thumbnail_path, ios_url, android_url from game where id=113 [ RunTime:0.0003s ]
SQL: select id, name, currency_name, ios_platform, need_qufu, is_tx, thumbnail_path, ios_url, android_url from game where id=13 [ RunTime:0.0009s ]
SQL: select id, name, currency_name, ios_platform, need_qufu, is_tx, thumbnail_path, ios_url, android_url from game where id=13 [ RunTime:0.0004s ]
NOTIC: [8] Undefined variable: show E:\wamp\www\branches\out_excel\src\Home\Model\EvoluationStrategyMgrModel.class.php 第 44 行.

[ 2016-03-01T09:39:57+08:00 ] 127.0.0.1 /branches/out_excel/Index/ajax_get_strategy_list
INFO: [ app_init ] --START--
INFO: Run Behavior\BuildLiteBehavior [ RunTime:0.000024s ]
INFO: [ app_init ] --END-- [ RunTime:0.000128s ]
INFO: [ app_begin ] --START--
INFO: Run Behavior\ReadHtmlCacheBehavior [ RunTime:0.004206s ]
INFO: [ app_begin ] --END-- [ RunTime:0.004314s ]
NOTIC: [2048] Declaration of Home\Controller\DetectorController::display() should be compatible with that of Think\Controller::display() E:\wamp\www\branches\out_excel\src\Home\Controller\DetectorController.class.php 第 10 行.
NOTIC: [8] Undefined index: index E:\wamp\www\branches\out_excel\src\Common\Common\function.php 第 310 行.
NOTIC: [2] in_array() expects parameter 2 to be array, null given E:\wamp\www\branches\out_excel\src\Common\Common\function.php 第 311 行.
NOTIC: [8] Undefined index: index E:\wamp\www\branches\out_excel\src\Common\Common\function.php 第 319 行.
NOTIC: [2] array_key_exists() expects parameter 2 to be array, null given E:\wamp\www\branches\out_excel\src\Common\Common\function.php 第 321 行.
SQL: select id,title,game_id from game_strategy order by id DESC limit 0, 8 [ RunTime:0.0003s ]
SQL: select id, name, currency_name, ios_platform, need_qufu, is_tx, thumbnail_path, ios_url, android_url from game where id=9 [ RunTime:0.0006s ]
SQL: select id, name, currency_name, ios_platform, need_qufu, is_tx, thumbnail_path, ios_url, android_url from game where id=8 [ RunTime:0.0003s ]
SQL: select id, name, currency_name, ios_platform, need_qufu, is_tx, thumbnail_path, ios_url, android_url from game where id=6 [ RunTime:0.0003s ]
SQL: select id, name, currency_name, ios_platform, need_qufu, is_tx, thumbnail_path, ios_url, android_url from game where id=6 [ RunTime:0.0003s ]
NOTIC: [8] Undefined variable: show E:\wamp\www\branches\out_excel\src\Home\Model\EvoluationStrategyMgrModel.class.php 第 44 行.

[ 2016-03-01T09:39:57+08:00 ] 127.0.0.1 /branches/out_excel/Index/ajax_get_czios_list
INFO: [ app_init ] --START--
INFO: Run Behavior\BuildLiteBehavior [ RunTime:0.000023s ]
INFO: [ app_init ] --END-- [ RunTime:0.000127s ]
INFO: [ app_begin ] --START--
INFO: Run Behavior\ReadHtmlCacheBehavior [ RunTime:0.000576s ]
INFO: [ app_begin ] --END-- [ RunTime:0.000666s ]
NOTIC: [2048] Declaration of Home\Controller\DetectorController::display() should be compatible with that of Think\Controller::display() E:\wamp\www\branches\out_excel\src\Home\Controller\DetectorController.class.php 第 10 行.
NOTIC: [8] Undefined index: index E:\wamp\www\branches\out_excel\src\Common\Common\function.php 第 310 行.
NOTIC: [2] in_array() expects parameter 2 to be array, null given E:\wamp\www\branches\out_excel\src\Common\Common\function.php 第 311 行.
NOTIC: [8] Undefined index: index E:\wamp\www\branches\out_excel\src\Common\Common\function.php 第 319 行.
NOTIC: [2] array_key_exists() expects parameter 2 to be array, null given E:\wamp\www\branches\out_excel\src\Common\Common\function.php 第 321 行.
SQL: select id,name,pinyin_category, thumbnail_path, ios_platform, android_platform from game where ios_platform=1 order by pinyin_category,priority desc [ RunTime:0.0021s ]

[ 2016-03-01T09:39:57+08:00 ] 127.0.0.1 /branches/out_excel/Index/ajax_get_androidsc_list
INFO: [ app_init ] --START--
INFO: Run Behavior\BuildLiteBehavior [ RunTime:0.000024s ]
INFO: [ app_init ] --END-- [ RunTime:0.000127s ]
INFO: [ app_begin ] --START--
INFO: Run Behavior\ReadHtmlCacheBehavior [ RunTime:0.000567s ]
INFO: [ app_begin ] --END-- [ RunTime:0.000662s ]
NOTIC: [2048] Declaration of Home\Controller\DetectorController::display() should be compatible with that of Think\Controller::display() E:\wamp\www\branches\out_excel\src\Home\Controller\DetectorController.class.php 第 10 行.
NOTIC: [8] Undefined index: index E:\wamp\www\branches\out_excel\src\Common\Common\function.php 第 310 行.
NOTIC: [2] in_array() expects parameter 2 to be array, null given E:\wamp\www\branches\out_excel\src\Common\Common\function.php 第 311 行.
NOTIC: [8] Undefined index: index E:\wamp\www\branches\out_excel\src\Common\Common\function.php 第 319 行.
NOTIC: [2] array_key_exists() expects parameter 2 to be array, null given E:\wamp\www\branches\out_excel\src\Common\Common\function.php 第 321 行.
SQL: select distinct(sc.game_id), sc.id,sc.details,sc.price,g.name
    	from sc_account_android sc,game g
    	where sc.is_on_sale=1 and sc.game_id = g.id group by g.id order by sc.id desc limit 8 [ RunTime:0.0004s ]

[ 2016-03-01T09:39:57+08:00 ] 127.0.0.1 /branches/out_excel/Index/ajax_get_czpackage_list
INFO: [ app_init ] --START--
INFO: Run Behavior\BuildLiteBehavior [ RunTime:0.000022s ]
INFO: [ app_init ] --END-- [ RunTime:0.000126s ]
INFO: [ app_begin ] --START--
INFO: Run Behavior\ReadHtmlCacheBehavior [ RunTime:0.000549s ]
INFO: [ app_begin ] --END-- [ RunTime:0.000642s ]
NOTIC: [2048] Declaration of Home\Controller\DetectorController::display() should be compatible with that of Think\Controller::display() E:\wamp\www\branches\out_excel\src\Home\Controller\DetectorController.class.php 第 10 行.
NOTIC: [8] Undefined index: index E:\wamp\www\branches\out_excel\src\Common\Common\function.php 第 310 行.
NOTIC: [2] in_array() expects parameter 2 to be array, null given E:\wamp\www\branches\out_excel\src\Common\Common\function.php 第 311 行.
NOTIC: [8] Undefined index: index E:\wamp\www\branches\out_excel\src\Common\Common\function.php 第 319 行.
NOTIC: [2] array_key_exists() expects parameter 2 to be array, null given E:\wamp\www\branches\out_excel\src\Common\Common\function.php 第 321 行.
NOTIC: [2] Missing argument 2 for Home\Model\IOSCZPackageModel::getListLimit(), called in E:\wamp\www\branches\out_excel\src\Home\Controller\IndexController.class.php on line 221 and defined E:\wamp\www\branches\out_excel\src\Home\Model\IOSCZPackageModel.class.php 第 40 行.
NOTIC: [8] Undefined variable: extraParams E:\wamp\www\branches\out_excel\src\Home\Model\IOSCZPackageModel.class.php 第 44 行.
SQL: select A.id,A.price,A.real_price,B.name,B.thumbnail_path,A.option_text,A.sum_number from cz_package AS A
    	    LEFT JOIN `game` AS B ON A.game_id = B.id  order by A.active desc,A.id desc limit 8 [ RunTime:0.0007s ]
SQL: select sum(bought_num) as sum from cz_package_order where cz_package_id = '17' and is_paid=1 and state!=6 [ RunTime:0.0003s ]
SQL: select sum(bought_num) as sum from cz_package_order where cz_package_id = '15' and is_paid=1 and state!=6 [ RunTime:0.0006s ]
SQL: select sum(bought_num) as sum from cz_package_order where cz_package_id = '14' and is_paid=1 and state!=6 [ RunTime:0.0002s ]
SQL: select sum(bought_num) as sum from cz_package_order where cz_package_id = '13' and is_paid=1 and state!=6 [ RunTime:0.0015s ]
SQL: select sum(bought_num) as sum from cz_package_order where cz_package_id = '12' and is_paid=1 and state!=6 [ RunTime:0.0008s ]
SQL: select sum(bought_num) as sum from cz_package_order where cz_package_id = '16' and is_paid=1 and state!=6 [ RunTime:0.0003s ]
SQL: select sum(bought_num) as sum from cz_package_order where cz_package_id = '11' and is_paid=1 and state!=6 [ RunTime:0.0011s ]
NOTIC: [2] Division by zero E:\wamp\www\branches\out_excel\src\Home\Model\IOSCZPackageModel.class.php 第 95 行.
SQL: select sum(bought_num) as sum from cz_package_order where cz_package_id = '10' and is_paid=1 and state!=6 [ RunTime:0.0005s ]
NOTIC: [2] Division by zero E:\wamp\www\branches\out_excel\src\Home\Model\IOSCZPackageModel.class.php 第 95 行.

[ 2016-03-01T09:40:02+08:00 ] 127.0.0.1 /branches/out_excel/Login/index
INFO: [ app_init ] --START--
INFO: Run Behavior\BuildLiteBehavior [ RunTime:0.000025s ]
INFO: [ app_init ] --END-- [ RunTime:0.000140s ]
INFO: [ app_begin ] --START--
INFO: Run Behavior\ReadHtmlCacheBehavior [ RunTime:0.000726s ]
INFO: [ app_begin ] --END-- [ RunTime:0.000845s ]
NOTIC: [2048] Declaration of Home\Controller\DetectorController::display() should be compatible with that of Think\Controller::display() E:\wamp\www\branches\out_excel\src\Home\Controller\DetectorController.class.php 第 10 行.
NOTIC: [8] Undefined index: login E:\wamp\www\branches\out_excel\src\Common\Common\function.php 第 310 行.
NOTIC: [2] in_array() expects parameter 2 to be array, null given E:\wamp\www\branches\out_excel\src\Common\Common\function.php 第 311 行.
NOTIC: [8] Undefined index: login E:\wamp\www\branches\out_excel\src\Common\Common\function.php 第 319 行.
NOTIC: [2] array_key_exists() expects parameter 2 to be array, null given E:\wamp\www\branches\out_excel\src\Common\Common\function.php 第 321 行.
SQL: select html_title as seo_title, html_keyword as seo_keyword, html_description as seo_description from seo where url='Login/index' [ RunTime:0.0004s ]
NOTIC: [8] Undefined offset: 0 E:\wamp\www\branches\out_excel\src\Home\Model\SEOMgrModel.class.php 第 19 行.
INFO: [ view_parse ] --START--
INFO: [ template_filter ] --START--
INFO: Run Behavior\ContentReplaceBehavior [ RunTime:0.000198s ]
INFO: [ template_filter ] --END-- [ RunTime:0.000425s ]
INFO: Run Behavior\ParseTemplateBehavior [ RunTime:0.029684s ]
INFO: [ view_parse ] --END-- [ RunTime:0.029908s ]
INFO: [ view_filter ] --START--
INFO: Run Behavior\WriteHtmlCacheBehavior [ RunTime:0.000782s ]
INFO: [ view_filter ] --END-- [ RunTime:0.000982s ]
INFO: [ app_end ] --START--
INFO: Run Behavior\ShowPageTraceBehavior [ RunTime:0.001225s ]
INFO: [ app_end ] --END-- [ RunTime:0.001417s ]

[ 2016-03-01T09:43:50+08:00 ] 127.0.0.1 /branches/out_excel/Index/getPicture
INFO: [ app_init ] --START--
INFO: Run Behavior\BuildLiteBehavior [ RunTime:0.000023s ]
INFO: [ app_init ] --END-- [ RunTime:0.000129s ]
INFO: [ app_begin ] --START--
INFO: Run Behavior\ReadHtmlCacheBehavior [ RunTime:0.000594s ]
INFO: [ app_begin ] --END-- [ RunTime:0.000686s ]
NOTIC: [2048] Declaration of Home\Controller\DetectorController::display() should be compatible with that of Think\Controller::display() E:\wamp\www\branches\out_excel\src\Home\Controller\DetectorController.class.php 第 10 行.
NOTIC: [8] Undefined index: index E:\wamp\www\branches\out_excel\src\Common\Common\function.php 第 310 行.
NOTIC: [2] in_array() expects parameter 2 to be array, null given E:\wamp\www\branches\out_excel\src\Common\Common\function.php 第 311 行.
NOTIC: [8] Undefined index: index E:\wamp\www\branches\out_excel\src\Common\Common\function.php 第 319 行.
NOTIC: [2] array_key_exists() expects parameter 2 to be array, null given E:\wamp\www\branches\out_excel\src\Common\Common\function.php 第 321 行.
ERR: 非法操作:getPicture

[ 2016-03-01T09:43:55+08:00 ] 127.0.0.1 /branches/out_excel/Index/getPicture
INFO: [ app_init ] --START--
INFO: Run Behavior\BuildLiteBehavior [ RunTime:0.000021s ]
INFO: [ app_init ] --END-- [ RunTime:0.000116s ]
INFO: [ app_begin ] --START--
INFO: Run Behavior\ReadHtmlCacheBehavior [ RunTime:0.000469s ]
INFO: [ app_begin ] --END-- [ RunTime:0.000555s ]
NOTIC: [2048] Declaration of Home\Controller\DetectorController::display() should be compatible with that of Think\Controller::display() E:\wamp\www\branches\out_excel\src\Home\Controller\DetectorController.class.php 第 10 行.
NOTIC: [8] Undefined index: index E:\wamp\www\branches\out_excel\src\Common\Common\function.php 第 310 行.
NOTIC: [2] in_array() expects parameter 2 to be array, null given E:\wamp\www\branches\out_excel\src\Common\Common\function.php 第 311 行.
NOTIC: [8] Undefined index: index E:\wamp\www\branches\out_excel\src\Common\Common\function.php 第 319 行.
NOTIC: [2] array_key_exists() expects parameter 2 to be array, null given E:\wamp\www\branches\out_excel\src\Common\Common\function.php 第 321 行.
ERR: 非法操作:getPicture

