[ 2016-02-29T17:17:06+08:00 ] 127.0.0.1 /branches/out_excel/
INFO: [ app_init ] --START--
INFO: Run Behavior\BuildLiteBehavior [ RunTime:0.000022s ]
INFO: [ app_init ] --END-- [ RunTime:0.000129s ]
INFO: [ app_begin ] --START--
INFO: Run Behavior\ReadHtmlCacheBehavior [ RunTime:0.000763s ]
INFO: [ app_begin ] --END-- [ RunTime:0.000878s ]
NOTIC: [2048] Declaration of Home\Controller\DetectorController::display() should be compatible with that of Think\Controller::display() E:\wamp\www\branches\out_excel\src\Home\Controller\DetectorController.class.php 第 10 行.
NOTIC: [8] Undefined index: index E:\wamp\www\branches\out_excel\src\Common\Common\function.php 第 310 行.
NOTIC: [2] in_array() expects parameter 2 to be array, null given E:\wamp\www\branches\out_excel\src\Common\Common\function.php 第 311 行.
NOTIC: [8] Undefined index: index E:\wamp\www\branches\out_excel\src\Common\Common\function.php 第 319 行.
NOTIC: [2] array_key_exists() expects parameter 2 to be array, null given E:\wamp\www\branches\out_excel\src\Common\Common\function.php 第 321 行.
SQL: select id, href, img, title from banner order by priority desc [ RunTime:0.0011s ]
SQL: select html_title as seo_title, html_keyword as seo_keyword, html_description as seo_description from seo where url='Index/index' [ RunTime:0.0009s ]
NOTIC: [8] Undefined offset: 0 E:\wamp\www\branches\out_excel\src\Home\Model\SEOMgrModel.class.php 第 19 行.
INFO: [ view_parse ] --START--
INFO: [ template_filter ] --START--
INFO: Run Behavior\ContentReplaceBehavior [ RunTime:0.000115s ]
INFO: [ template_filter ] --END-- [ RunTime:0.000247s ]
INFO: Run Behavior\ParseTemplateBehavior [ RunTime:0.014093s ]
INFO: [ view_parse ] --END-- [ RunTime:0.014200s ]
INFO: [ view_filter ] --START--
INFO: Run Behavior\WriteHtmlCacheBehavior [ RunTime:0.000480s ]
INFO: [ view_filter ] --END-- [ RunTime:0.000567s ]
INFO: [ app_end ] --START--
INFO: Run Behavior\ShowPageTraceBehavior [ RunTime:0.000644s ]
INFO: [ app_end ] --END-- [ RunTime:0.000736s ]

[ 2016-02-29T17:17:06+08:00 ] 127.0.0.1 /branches/out_excel/Public/upload/banner/5698628943663.jpg
INFO: [ app_init ] --START--
INFO: Run Behavior\BuildLiteBehavior [ RunTime:0.000022s ]
INFO: [ app_init ] --END-- [ RunTime:0.000137s ]

[ 2016-02-29T17:17:06+08:00 ] 127.0.0.1 /branches/out_excel/Public/upload/banner/5698629bc5408.jpg
INFO: [ app_init ] --START--
INFO: Run Behavior\BuildLiteBehavior [ RunTime:0.000026s ]
INFO: [ app_init ] --END-- [ RunTime:0.000146s ]

[ 2016-02-29T17:17:06+08:00 ] 127.0.0.1 /branches/out_excel/Public/upload/banner/56a0ab3da2f67.jpg
INFO: [ app_init ] --START--
INFO: Run Behavior\BuildLiteBehavior [ RunTime:0.000028s ]
INFO: [ app_init ] --END-- [ RunTime:0.000150s ]

[ 2016-02-29T17:17:09+08:00 ] 127.0.0.1 /branches/out_excel/
INFO: [ app_init ] --START--
INFO: Run Behavior\BuildLiteBehavior [ RunTime:0.000025s ]
INFO: [ app_init ] --END-- [ RunTime:0.000132s ]
INFO: [ app_begin ] --START--
INFO: Run Behavior\ReadHtmlCacheBehavior [ RunTime:0.000607s ]
INFO: [ app_begin ] --END-- [ RunTime:0.000711s ]
NOTIC: [2048] Declaration of Home\Controller\DetectorController::display() should be compatible with that of Think\Controller::display() E:\wamp\www\branches\out_excel\src\Home\Controller\DetectorController.class.php 第 10 行.
NOTIC: [8] Undefined index: index E:\wamp\www\branches\out_excel\src\Common\Common\function.php 第 310 行.
NOTIC: [2] in_array() expects parameter 2 to be array, null given E:\wamp\www\branches\out_excel\src\Common\Common\function.php 第 311 行.
NOTIC: [8] Undefined index: index E:\wamp\www\branches\out_excel\src\Common\Common\function.php 第 319 行.
NOTIC: [2] array_key_exists() expects parameter 2 to be array, null given E:\wamp\www\branches\out_excel\src\Common\Common\function.php 第 321 行.
SQL: select id, href, img, title from banner order by priority desc [ RunTime:0.0003s ]
SQL: select html_title as seo_title, html_keyword as seo_keyword, html_description as seo_description from seo where url='Index/index' [ RunTime:0.0001s ]
NOTIC: [8] Undefined offset: 0 E:\wamp\www\branches\out_excel\src\Home\Model\SEOMgrModel.class.php 第 19 行.
INFO: [ view_parse ] --START--
INFO: [ template_filter ] --START--
INFO: Run Behavior\ContentReplaceBehavior [ RunTime:0.000094s ]
INFO: [ template_filter ] --END-- [ RunTime:0.000209s ]
INFO: Run Behavior\ParseTemplateBehavior [ RunTime:0.013785s ]
INFO: [ view_parse ] --END-- [ RunTime:0.013889s ]
INFO: [ view_filter ] --START--
INFO: Run Behavior\WriteHtmlCacheBehavior [ RunTime:0.000426s ]
INFO: [ view_filter ] --END-- [ RunTime:0.000513s ]
INFO: [ app_end ] --START--
INFO: Run Behavior\ShowPageTraceBehavior [ RunTime:0.000583s ]
INFO: [ app_end ] --END-- [ RunTime:0.000677s ]

[ 2016-02-29T17:17:09+08:00 ] 127.0.0.1 /branches/out_excel/Public/upload/banner/5698629bc5408.jpg
INFO: [ app_init ] --START--
INFO: Run Behavior\BuildLiteBehavior [ RunTime:0.000023s ]
INFO: [ app_init ] --END-- [ RunTime:0.000136s ]

[ 2016-02-29T17:17:09+08:00 ] 127.0.0.1 /branches/out_excel/Public/upload/banner/5698628943663.jpg
INFO: [ app_init ] --START--
INFO: Run Behavior\BuildLiteBehavior [ RunTime:0.000042s ]
INFO: [ app_init ] --END-- [ RunTime:0.000333s ]

[ 2016-02-29T17:17:09+08:00 ] 127.0.0.1 /branches/out_excel/Public/upload/banner/56a0ab3da2f67.jpg
INFO: [ app_init ] --START--
INFO: Run Behavior\BuildLiteBehavior [ RunTime:0.000022s ]
INFO: [ app_init ] --END-- [ RunTime:0.000127s ]

[ 2016-02-29T17:17:09+08:00 ] 127.0.0.1 /branches/out_excel/Public/upload/banner/5698629bc5408.jpg
INFO: [ app_init ] --START--
INFO: Run Behavior\BuildLiteBehavior [ RunTime:0.000026s ]
INFO: [ app_init ] --END-- [ RunTime:0.000147s ]

[ 2016-02-29T17:17:09+08:00 ] 127.0.0.1 /branches/out_excel/Public/upload/banner/5698628943663.jpg
INFO: [ app_init ] --START--
INFO: Run Behavior\BuildLiteBehavior [ RunTime:0.000026s ]
INFO: [ app_init ] --END-- [ RunTime:0.000135s ]

[ 2016-02-29T17:17:13+08:00 ] 127.0.0.1 /branches/out_excel/
INFO: [ app_init ] --START--
INFO: Run Behavior\BuildLiteBehavior [ RunTime:0.000035s ]
INFO: [ app_init ] --END-- [ RunTime:0.000192s ]
INFO: [ app_begin ] --START--
INFO: Run Behavior\ReadHtmlCacheBehavior [ RunTime:0.000624s ]
INFO: [ app_begin ] --END-- [ RunTime:0.000768s ]
NOTIC: [2048] Declaration of Home\Controller\DetectorController::display() should be compatible with that of Think\Controller::display() E:\wamp\www\branches\out_excel\src\Home\Controller\DetectorController.class.php 第 10 行.
NOTIC: [8] Undefined index: index E:\wamp\www\branches\out_excel\src\Common\Common\function.php 第 310 行.
NOTIC: [2] in_array() expects parameter 2 to be array, null given E:\wamp\www\branches\out_excel\src\Common\Common\function.php 第 311 行.
NOTIC: [8] Undefined index: index E:\wamp\www\branches\out_excel\src\Common\Common\function.php 第 319 行.
NOTIC: [2] array_key_exists() expects parameter 2 to be array, null given E:\wamp\www\branches\out_excel\src\Common\Common\function.php 第 321 行.
SQL: select id, href, img, title from banner order by priority desc [ RunTime:0.0003s ]
SQL: select html_title as seo_title, html_keyword as seo_keyword, html_description as seo_description from seo where url='Index/index' [ RunTime:0.0002s ]
NOTIC: [8] Undefined offset: 0 E:\wamp\www\branches\out_excel\src\Home\Model\SEOMgrModel.class.php 第 19 行.
INFO: [ view_parse ] --START--
INFO: [ template_filter ] --START--
INFO: Run Behavior\ContentReplaceBehavior [ RunTime:0.000092s ]
INFO: [ template_filter ] --END-- [ RunTime:0.000198s ]
INFO: Run Behavior\ParseTemplateBehavior [ RunTime:0.013707s ]
INFO: [ view_parse ] --END-- [ RunTime:0.013816s ]
INFO: [ view_filter ] --START--
INFO: Run Behavior\WriteHtmlCacheBehavior [ RunTime:0.000416s ]
INFO: [ view_filter ] --END-- [ RunTime:0.000508s ]
INFO: [ app_end ] --START--
INFO: Run Behavior\ShowPageTraceBehavior [ RunTime:0.000582s ]
INFO: [ app_end ] --END-- [ RunTime:0.000675s ]

[ 2016-02-29T17:17:14+08:00 ] 127.0.0.1 /branches/out_excel/Public/upload/banner/5698629bc5408.jpg
INFO: [ app_init ] --START--
INFO: Run Behavior\BuildLiteBehavior [ RunTime:0.000023s ]
INFO: [ app_init ] --END-- [ RunTime:0.000132s ]

[ 2016-02-29T17:17:14+08:00 ] 127.0.0.1 /branches/out_excel/Public/upload/banner/5698628943663.jpg
INFO: [ app_init ] --START--
INFO: Run Behavior\BuildLiteBehavior [ RunTime:0.000022s ]
INFO: [ app_init ] --END-- [ RunTime:0.000127s ]

[ 2016-02-29T17:17:14+08:00 ] 127.0.0.1 /branches/out_excel/Public/upload/banner/56a0ab3da2f67.jpg
INFO: [ app_init ] --START--
INFO: Run Behavior\BuildLiteBehavior [ RunTime:0.000024s ]
INFO: [ app_init ] --END-- [ RunTime:0.000135s ]

[ 2016-02-29T17:17:14+08:00 ] 127.0.0.1 /branches/out_excel/Public/upload/banner/5698629bc5408.jpg
INFO: [ app_init ] --START--
INFO: Run Behavior\BuildLiteBehavior [ RunTime:0.000023s ]
INFO: [ app_init ] --END-- [ RunTime:0.000130s ]

[ 2016-02-29T17:17:23+08:00 ] 127.0.0.1 /branches/out_excel/
INFO: [ app_init ] --START--
INFO: Run Behavior\BuildLiteBehavior [ RunTime:0.000020s ]
INFO: [ app_init ] --END-- [ RunTime:0.000119s ]
INFO: [ app_begin ] --START--
INFO: Run Behavior\ReadHtmlCacheBehavior [ RunTime:0.000631s ]
INFO: [ app_begin ] --END-- [ RunTime:0.000725s ]
NOTIC: [2048] Declaration of Home\Controller\DetectorController::display() should be compatible with that of Think\Controller::display() E:\wamp\www\branches\out_excel\src\Home\Controller\DetectorController.class.php 第 10 行.
NOTIC: [8] Undefined index: index E:\wamp\www\branches\out_excel\src\Common\Common\function.php 第 310 行.
NOTIC: [2] in_array() expects parameter 2 to be array, null given E:\wamp\www\branches\out_excel\src\Common\Common\function.php 第 311 行.
NOTIC: [8] Undefined index: index E:\wamp\www\branches\out_excel\src\Common\Common\function.php 第 319 行.
NOTIC: [2] array_key_exists() expects parameter 2 to be array, null given E:\wamp\www\branches\out_excel\src\Common\Common\function.php 第 321 行.
SQL: select id, href, img, title from banner order by priority desc [ RunTime:0.0003s ]
SQL: select DISTINCT(pinyin_category) as letter from game where ios_platform=1 order by letter [ RunTime:0.0015s ]
SQL: select A.game_id,B.name,B.thumbnail_path from suggested_game_list as A
    	LEFT JOIN game as B ON A.game_id = B.id
    	order by B.priority desc limit 14 [ RunTime:0.0010s ]
SQL: select id, ali_name, wx_name, nickname, tel,email, coins, credit, cz_sum, sign_num, level, last_login_time, head_image, is_trainer,password_hash from user where id=72 [ RunTime:0.0010s ]
NOTIC: [8] Undefined index:  E:\wamp\www\branches\out_excel\src\Common\Common\function.php 第 135 行.
SQL: select id,title from news order by created_date desc limit 8 [ RunTime:0.0009s ]
SQL: select name,url from friend_link [ RunTime:0.0008s ]
SQL: select id, game_id,title, platform, price from package where state>=3 order by id desc [ RunTime:0.0010s ]
SQL: select name from game where id=113 [ RunTime:0.0002s ]
SQL: select id, ali_name, wx_name, nickname, tel,email, coins, credit, cz_sum, sign_num, level, last_login_time, head_image, is_trainer,password_hash from user where id=0 [ RunTime:0.0002s ]
NOTIC: [8] Undefined offset: 0 E:\wamp\www\branches\out_excel\src\Home\Model\UserMgrModel.class.php 第 155 行.
NOTIC: [8] Undefined index:  E:\wamp\www\branches\out_excel\src\Common\Common\function.php 第 135 行.
SQL: select name from game where id=113 [ RunTime:0.0001s ]
SQL: select id, ali_name, wx_name, nickname, tel,email, coins, credit, cz_sum, sign_num, level, last_login_time, head_image, is_trainer,password_hash from user where id=0 [ RunTime:0.0002s ]
NOTIC: [8] Undefined offset: 0 E:\wamp\www\branches\out_excel\src\Home\Model\UserMgrModel.class.php 第 155 行.
NOTIC: [8] Undefined index:  E:\wamp\www\branches\out_excel\src\Common\Common\function.php 第 135 行.
SQL: select name from game where id=113 [ RunTime:0.0001s ]
SQL: select id, ali_name, wx_name, nickname, tel,email, coins, credit, cz_sum, sign_num, level, last_login_time, head_image, is_trainer,password_hash from user where id=0 [ RunTime:0.0001s ]
NOTIC: [8] Undefined offset: 0 E:\wamp\www\branches\out_excel\src\Home\Model\UserMgrModel.class.php 第 155 行.
NOTIC: [8] Undefined index:  E:\wamp\www\branches\out_excel\src\Common\Common\function.php 第 135 行.
SQL: select name from game where id=113 [ RunTime:0.0001s ]
SQL: select id, ali_name, wx_name, nickname, tel,email, coins, credit, cz_sum, sign_num, level, last_login_time, head_image, is_trainer,password_hash from user where id=0 [ RunTime:0.0001s ]
NOTIC: [8] Undefined offset: 0 E:\wamp\www\branches\out_excel\src\Home\Model\UserMgrModel.class.php 第 155 行.
NOTIC: [8] Undefined index:  E:\wamp\www\branches\out_excel\src\Common\Common\function.php 第 135 行.
SQL: select id, game_id, title, platform, price from requirement where state>=2 order by id desc [ RunTime:0.0008s ]
SQL: select name from game where id=113 [ RunTime:0.0001s ]
SQL: select id, ali_name, wx_name, nickname, tel,email, coins, credit, cz_sum, sign_num, level, last_login_time, head_image, is_trainer,password_hash from user where id=0 [ RunTime:0.0002s ]
NOTIC: [8] Undefined offset: 0 E:\wamp\www\branches\out_excel\src\Home\Model\UserMgrModel.class.php 第 155 行.
NOTIC: [8] Undefined index:  E:\wamp\www\branches\out_excel\src\Common\Common\function.php 第 135 行.
SQL: select name from game where id=19 [ RunTime:0.0001s ]
SQL: select id, ali_name, wx_name, nickname, tel,email, coins, credit, cz_sum, sign_num, level, last_login_time, head_image, is_trainer,password_hash from user where id=0 [ RunTime:0.0001s ]
NOTIC: [8] Undefined offset: 0 E:\wamp\www\branches\out_excel\src\Home\Model\UserMgrModel.class.php 第 155 行.
NOTIC: [8] Undefined index:  E:\wamp\www\branches\out_excel\src\Common\Common\function.php 第 135 行.
SQL: select name from game where id=19 [ RunTime:0.0001s ]
SQL: select id, ali_name, wx_name, nickname, tel,email, coins, credit, cz_sum, sign_num, level, last_login_time, head_image, is_trainer,password_hash from user where id=0 [ RunTime:0.0002s ]
NOTIC: [8] Undefined offset: 0 E:\wamp\www\branches\out_excel\src\Home\Model\UserMgrModel.class.php 第 155 行.
NOTIC: [8] Undefined index:  E:\wamp\www\branches\out_excel\src\Common\Common\function.php 第 135 行.
SQL: select name from game where id=113 [ RunTime:0.0002s ]
SQL: select id, ali_name, wx_name, nickname, tel,email, coins, credit, cz_sum, sign_num, level, last_login_time, head_image, is_trainer,password_hash from user where id=0 [ RunTime:0.0002s ]
NOTIC: [8] Undefined offset: 0 E:\wamp\www\branches\out_excel\src\Home\Model\UserMgrModel.class.php 第 155 行.
NOTIC: [8] Undefined index:  E:\wamp\www\branches\out_excel\src\Common\Common\function.php 第 135 行.
SQL: select name from game where id=19 [ RunTime:0.0001s ]
SQL: select id, ali_name, wx_name, nickname, tel,email, coins, credit, cz_sum, sign_num, level, last_login_time, head_image, is_trainer,password_hash from user where id=0 [ RunTime:0.0001s ]
NOTIC: [8] Undefined offset: 0 E:\wamp\www\branches\out_excel\src\Home\Model\UserMgrModel.class.php 第 155 行.
NOTIC: [8] Undefined index:  E:\wamp\www\branches\out_excel\src\Common\Common\function.php 第 135 行.
SQL: select name from game where id=113 [ RunTime:0.0001s ]
SQL: select id, ali_name, wx_name, nickname, tel,email, coins, credit, cz_sum, sign_num, level, last_login_time, head_image, is_trainer,password_hash from user where id=0 [ RunTime:0.0001s ]
NOTIC: [8] Undefined offset: 0 E:\wamp\www\branches\out_excel\src\Home\Model\UserMgrModel.class.php 第 155 行.
NOTIC: [8] Undefined index:  E:\wamp\www\branches\out_excel\src\Common\Common\function.php 第 135 行.
SQL: select name from game where id=113 [ RunTime:0.0001s ]
SQL: select id, ali_name, wx_name, nickname, tel,email, coins, credit, cz_sum, sign_num, level, last_login_time, head_image, is_trainer,password_hash from user where id=0 [ RunTime:0.0001s ]
NOTIC: [8] Undefined offset: 0 E:\wamp\www\branches\out_excel\src\Home\Model\UserMgrModel.class.php 第 155 行.
NOTIC: [8] Undefined index:  E:\wamp\www\branches\out_excel\src\Common\Common\function.php 第 135 行.
NOTIC: [2] Missing argument 2 for Home\Model\AccountTradeMgrModel::getList(), called in E:\wamp\www\branches\out_excel\src\Home\Controller\IndexController.class.php on line 143 and defined E:\wamp\www\branches\out_excel\src\Home\Model\AccountTradeMgrModel.class.php 第 151 行.
NOTIC: [8] Undefined variable: where E:\wamp\www\branches\out_excel\src\Home\Model\AccountTradeMgrModel.class.php 第 162 行.
SQL: select id, game_id, title, platform, price from account_trade where active= 1 and state = 1  order by id desc [ RunTime:0.0004s ]
SQL: select id, name, currency_name, ios_platform, need_qufu, is_tx, thumbnail_path, ios_url, android_url from game where id=113 [ RunTime:0.0002s ]
SQL: select id, ali_name, wx_name, nickname, tel,email, coins, credit, cz_sum, sign_num, level, last_login_time, head_image, is_trainer,password_hash from user where id=0 [ RunTime:0.0002s ]
NOTIC: [8] Undefined offset: 0 E:\wamp\www\branches\out_excel\src\Home\Model\UserMgrModel.class.php 第 155 行.
NOTIC: [8] Undefined index:  E:\wamp\www\branches\out_excel\src\Common\Common\function.php 第 135 行.
SQL: select html_title as seo_title, html_keyword as seo_keyword, html_description as seo_description from seo where url='Index/index' [ RunTime:0.0003s ]
NOTIC: [8] Undefined offset: 0 E:\wamp\www\branches\out_excel\src\Home\Model\SEOMgrModel.class.php 第 19 行.
INFO: [ view_parse ] --START--
INFO: [ template_filter ] --START--
INFO: Run Behavior\ContentReplaceBehavior [ RunTime:0.000382s ]
INFO: [ template_filter ] --END-- [ RunTime:0.000607s ]
SQL: select id, ali_name, wx_name, nickname, tel,email, coins, credit, cz_sum, sign_num, level, last_login_time, head_image, is_trainer,password_hash from user where id=72 [ RunTime:0.0004s ]
NOTIC: [8] Undefined index:  E:\wamp\www\branches\out_excel\src\Common\Common\function.php 第 135 行.
SQL: select id, name, start, end, level from vip_level where start<='55500' and end>'55500' [ RunTime:0.0009s ]
SQL: select count(id) num from message where is_read='0' and user_id='72' [ RunTime:0.0010s ]
SQL: select A.game_id,B.name from search_game_list as A
    	LEFT JOIN game as B ON A.game_id = B.id
    	order by A.id desc limit 4 [ RunTime:0.0008s ]
INFO: Run Behavior\ParseTemplateBehavior [ RunTime:0.070583s ]
INFO: [ view_parse ] --END-- [ RunTime:0.070727s ]
INFO: [ view_filter ] --START--
INFO: Run Behavior\WriteHtmlCacheBehavior [ RunTime:0.000518s ]
INFO: [ view_filter ] --END-- [ RunTime:0.000607s ]
INFO: [ app_end ] --START--
INFO: Run Behavior\ShowPageTraceBehavior [ RunTime:0.000591s ]
INFO: [ app_end ] --END-- [ RunTime:0.000683s ]

[ 2016-02-29T17:17:24+08:00 ] 127.0.0.1 /branches/out_excel/Public/upload/banner/5698629bc5408.jpg
INFO: [ app_init ] --START--
INFO: Run Behavior\BuildLiteBehavior [ RunTime:0.000024s ]
INFO: [ app_init ] --END-- [ RunTime:0.000145s ]

[ 2016-02-29T17:17:24+08:00 ] 127.0.0.1 /branches/out_excel/Public/upload/banner/56a0ab3da2f67.jpg
INFO: [ app_init ] --START--
INFO: Run Behavior\BuildLiteBehavior [ RunTime:0.000025s ]
INFO: [ app_init ] --END-- [ RunTime:0.000140s ]

[ 2016-02-29T17:17:24+08:00 ] 127.0.0.1 /branches/out_excel/Public/upload/banner/5698628943663.jpg
INFO: [ app_init ] --START--
INFO: Run Behavior\BuildLiteBehavior [ RunTime:0.000440s ]
INFO: [ app_init ] --END-- [ RunTime:0.000639s ]

[ 2016-02-29T17:17:24+08:00 ] 127.0.0.1 /branches/out_excel/Index/ajax_get_evoluation_list
INFO: [ app_init ] --START--
INFO: Run Behavior\BuildLiteBehavior [ RunTime:0.000026s ]
INFO: [ app_init ] --END-- [ RunTime:0.000148s ]
INFO: [ app_begin ] --START--
INFO: Run Behavior\ReadHtmlCacheBehavior [ RunTime:0.000787s ]
INFO: [ app_begin ] --END-- [ RunTime:0.000919s ]
NOTIC: [2048] Declaration of Home\Controller\DetectorController::display() should be compatible with that of Think\Controller::display() E:\wamp\www\branches\out_excel\src\Home\Controller\DetectorController.class.php 第 10 行.
NOTIC: [8] Undefined index: index E:\wamp\www\branches\out_excel\src\Common\Common\function.php 第 310 行.
NOTIC: [2] in_array() expects parameter 2 to be array, null given E:\wamp\www\branches\out_excel\src\Common\Common\function.php 第 311 行.
NOTIC: [8] Undefined index: index E:\wamp\www\branches\out_excel\src\Common\Common\function.php 第 319 行.
NOTIC: [2] array_key_exists() expects parameter 2 to be array, null given E:\wamp\www\branches\out_excel\src\Common\Common\function.php 第 321 行.
SQL: select id,title,game_id from game_evaluation order by id DESC limit 0, 8 [ RunTime:0.0011s ]
SQL: select id, name, currency_name, ios_platform, need_qufu, is_tx, thumbnail_path, ios_url, android_url from game where id=8 [ RunTime:0.0004s ]
SQL: select id, name, currency_name, ios_platform, need_qufu, is_tx, thumbnail_path, ios_url, android_url from game where id=6 [ RunTime:0.0011s ]
SQL: select id, name, currency_name, ios_platform, need_qufu, is_tx, thumbnail_path, ios_url, android_url from game where id=6 [ RunTime:0.0006s ]
SQL: select id, name, currency_name, ios_platform, need_qufu, is_tx, thumbnail_path, ios_url, android_url from game where id=113 [ RunTime:0.0011s ]
SQL: select id, name, currency_name, ios_platform, need_qufu, is_tx, thumbnail_path, ios_url, android_url from game where id=113 [ RunTime:0.0004s ]
SQL: select id, name, currency_name, ios_platform, need_qufu, is_tx, thumbnail_path, ios_url, android_url from game where id=13 [ RunTime:0.0003s ]
SQL: select id, name, currency_name, ios_platform, need_qufu, is_tx, thumbnail_path, ios_url, android_url from game where id=13 [ RunTime:0.0003s ]
NOTIC: [8] Undefined variable: show E:\wamp\www\branches\out_excel\src\Home\Model\EvoluationStrategyMgrModel.class.php 第 44 行.

[ 2016-02-29T17:17:24+08:00 ] 127.0.0.1 /branches/out_excel/Public/upload/banner/5698629bc5408.jpg
INFO: [ app_init ] --START--
INFO: Run Behavior\BuildLiteBehavior [ RunTime:0.000026s ]
INFO: [ app_init ] --END-- [ RunTime:0.000172s ]

[ 2016-02-29T17:17:24+08:00 ] 127.0.0.1 /branches/out_excel/Index/ajax_get_androidsc_list
INFO: [ app_init ] --START--
INFO: Run Behavior\BuildLiteBehavior [ RunTime:0.000025s ]
INFO: [ app_init ] --END-- [ RunTime:0.000155s ]
INFO: [ app_begin ] --START--
INFO: Run Behavior\ReadHtmlCacheBehavior [ RunTime:0.001359s ]
INFO: [ app_begin ] --END-- [ RunTime:0.001476s ]
NOTIC: [2048] Declaration of Home\Controller\DetectorController::display() should be compatible with that of Think\Controller::display() E:\wamp\www\branches\out_excel\src\Home\Controller\DetectorController.class.php 第 10 行.
NOTIC: [8] Undefined index: index E:\wamp\www\branches\out_excel\src\Common\Common\function.php 第 310 行.
NOTIC: [2] in_array() expects parameter 2 to be array, null given E:\wamp\www\branches\out_excel\src\Common\Common\function.php 第 311 行.
NOTIC: [8] Undefined index: index E:\wamp\www\branches\out_excel\src\Common\Common\function.php 第 319 行.
NOTIC: [2] array_key_exists() expects parameter 2 to be array, null given E:\wamp\www\branches\out_excel\src\Common\Common\function.php 第 321 行.
SQL: select distinct(sc.game_id), sc.id,sc.details,sc.price,g.name
    	from sc_account_android sc,game g
    	where sc.is_on_sale=1 and sc.game_id = g.id group by g.id order by sc.id desc limit 8 [ RunTime:0.0016s ]

[ 2016-02-29T17:17:24+08:00 ] 127.0.0.1 /branches/out_excel/Index/ajax_get_iossc_list
INFO: [ app_init ] --START--
INFO: Run Behavior\BuildLiteBehavior [ RunTime:0.000023s ]
INFO: [ app_init ] --END-- [ RunTime:0.000131s ]
INFO: [ app_begin ] --START--
INFO: Run Behavior\ReadHtmlCacheBehavior [ RunTime:0.000678s ]
INFO: [ app_begin ] --END-- [ RunTime:0.000782s ]
NOTIC: [2048] Declaration of Home\Controller\DetectorController::display() should be compatible with that of Think\Controller::display() E:\wamp\www\branches\out_excel\src\Home\Controller\DetectorController.class.php 第 10 行.
NOTIC: [8] Undefined index: index E:\wamp\www\branches\out_excel\src\Common\Common\function.php 第 310 行.
NOTIC: [2] in_array() expects parameter 2 to be array, null given E:\wamp\www\branches\out_excel\src\Common\Common\function.php 第 311 行.
NOTIC: [8] Undefined index: index E:\wamp\www\branches\out_excel\src\Common\Common\function.php 第 319 行.
NOTIC: [2] array_key_exists() expects parameter 2 to be array, null given E:\wamp\www\branches\out_excel\src\Common\Common\function.php 第 321 行.
SQL: select distinct(sc.game_id), sc.id,sc.details,sc.price,g.name
    	from sc_account_ios sc,game g
    	where sc.is_on_sale=1 and sc.game_id = g.id GROUP BY g.id order by sc.id desc limit 8 [ RunTime:0.0014s ]

[ 2016-02-29T17:17:24+08:00 ] 127.0.0.1 /branches/out_excel/Index/ajax_get_strategy_list
INFO: [ app_init ] --START--
INFO: Run Behavior\BuildLiteBehavior [ RunTime:0.000022s ]
INFO: [ app_init ] --END-- [ RunTime:0.000130s ]
INFO: [ app_begin ] --START--
INFO: Run Behavior\ReadHtmlCacheBehavior [ RunTime:0.000615s ]
INFO: [ app_begin ] --END-- [ RunTime:0.000718s ]
NOTIC: [2048] Declaration of Home\Controller\DetectorController::display() should be compatible with that of Think\Controller::display() E:\wamp\www\branches\out_excel\src\Home\Controller\DetectorController.class.php 第 10 行.
NOTIC: [8] Undefined index: index E:\wamp\www\branches\out_excel\src\Common\Common\function.php 第 310 行.
NOTIC: [2] in_array() expects parameter 2 to be array, null given E:\wamp\www\branches\out_excel\src\Common\Common\function.php 第 311 行.
NOTIC: [8] Undefined index: index E:\wamp\www\branches\out_excel\src\Common\Common\function.php 第 319 行.
NOTIC: [2] array_key_exists() expects parameter 2 to be array, null given E:\wamp\www\branches\out_excel\src\Common\Common\function.php 第 321 行.
SQL: select id,title,game_id from game_strategy order by id DESC limit 0, 8 [ RunTime:0.0017s ]
SQL: select id, name, currency_name, ios_platform, need_qufu, is_tx, thumbnail_path, ios_url, android_url from game where id=9 [ RunTime:0.0006s ]
SQL: select id, name, currency_name, ios_platform, need_qufu, is_tx, thumbnail_path, ios_url, android_url from game where id=8 [ RunTime:0.0009s ]
SQL: select id, name, currency_name, ios_platform, need_qufu, is_tx, thumbnail_path, ios_url, android_url from game where id=6 [ RunTime:0.0008s ]
SQL: select id, name, currency_name, ios_platform, need_qufu, is_tx, thumbnail_path, ios_url, android_url from game where id=6 [ RunTime:0.0005s ]
NOTIC: [8] Undefined variable: show E:\wamp\www\branches\out_excel\src\Home\Model\EvoluationStrategyMgrModel.class.php 第 44 行.

[ 2016-02-29T17:17:24+08:00 ] 127.0.0.1 /branches/out_excel/Index/ajax_get_czios_list
INFO: [ app_init ] --START--
INFO: Run Behavior\BuildLiteBehavior [ RunTime:0.000024s ]
INFO: [ app_init ] --END-- [ RunTime:0.000130s ]
INFO: [ app_begin ] --START--
INFO: Run Behavior\ReadHtmlCacheBehavior [ RunTime:0.002876s ]
INFO: [ app_begin ] --END-- [ RunTime:0.003026s ]
NOTIC: [2048] Declaration of Home\Controller\DetectorController::display() should be compatible with that of Think\Controller::display() E:\wamp\www\branches\out_excel\src\Home\Controller\DetectorController.class.php 第 10 行.
NOTIC: [8] Undefined index: index E:\wamp\www\branches\out_excel\src\Common\Common\function.php 第 310 行.
NOTIC: [2] in_array() expects parameter 2 to be array, null given E:\wamp\www\branches\out_excel\src\Common\Common\function.php 第 311 行.
NOTIC: [8] Undefined index: index E:\wamp\www\branches\out_excel\src\Common\Common\function.php 第 319 行.
NOTIC: [2] array_key_exists() expects parameter 2 to be array, null given E:\wamp\www\branches\out_excel\src\Common\Common\function.php 第 321 行.
SQL: select id,name,pinyin_category, thumbnail_path, ios_platform, android_platform from game where ios_platform=1 order by pinyin_category,priority desc [ RunTime:0.0020s ]

[ 2016-02-29T17:17:24+08:00 ] 127.0.0.1 /branches/out_excel/Index/ajax_get_czpackage_list
INFO: [ app_init ] --START--
INFO: Run Behavior\BuildLiteBehavior [ RunTime:0.000026s ]
INFO: [ app_init ] --END-- [ RunTime:0.000141s ]
INFO: [ app_begin ] --START--
INFO: Run Behavior\ReadHtmlCacheBehavior [ RunTime:0.000728s ]
INFO: [ app_begin ] --END-- [ RunTime:0.000846s ]
NOTIC: [2048] Declaration of Home\Controller\DetectorController::display() should be compatible with that of Think\Controller::display() E:\wamp\www\branches\out_excel\src\Home\Controller\DetectorController.class.php 第 10 行.
NOTIC: [8] Undefined index: index E:\wamp\www\branches\out_excel\src\Common\Common\function.php 第 310 行.
NOTIC: [2] in_array() expects parameter 2 to be array, null given E:\wamp\www\branches\out_excel\src\Common\Common\function.php 第 311 行.
NOTIC: [8] Undefined index: index E:\wamp\www\branches\out_excel\src\Common\Common\function.php 第 319 行.
NOTIC: [2] array_key_exists() expects parameter 2 to be array, null given E:\wamp\www\branches\out_excel\src\Common\Common\function.php 第 321 行.
NOTIC: [2] Missing argument 2 for Home\Model\IOSCZPackageModel::getListLimit(), called in E:\wamp\www\branches\out_excel\src\Home\Controller\IndexController.class.php on line 221 and defined E:\wamp\www\branches\out_excel\src\Home\Model\IOSCZPackageModel.class.php 第 40 行.
NOTIC: [8] Undefined variable: extraParams E:\wamp\www\branches\out_excel\src\Home\Model\IOSCZPackageModel.class.php 第 44 行.
SQL: select A.id,A.price,A.real_price,B.name,B.thumbnail_path,A.option_text,A.sum_number from cz_package AS A
    	    LEFT JOIN `game` AS B ON A.game_id = B.id  order by A.active desc,A.id desc limit 8 [ RunTime:0.0011s ]
SQL: select sum(bought_num) as sum from cz_package_order where cz_package_id = '17' and is_paid=1 and state!=6 [ RunTime:0.0008s ]
SQL: select sum(bought_num) as sum from cz_package_order where cz_package_id = '15' and is_paid=1 and state!=6 [ RunTime:0.0002s ]
SQL: select sum(bought_num) as sum from cz_package_order where cz_package_id = '14' and is_paid=1 and state!=6 [ RunTime:0.0002s ]
SQL: select sum(bought_num) as sum from cz_package_order where cz_package_id = '13' and is_paid=1 and state!=6 [ RunTime:0.0002s ]
SQL: select sum(bought_num) as sum from cz_package_order where cz_package_id = '12' and is_paid=1 and state!=6 [ RunTime:0.0002s ]
SQL: select sum(bought_num) as sum from cz_package_order where cz_package_id = '16' and is_paid=1 and state!=6 [ RunTime:0.0002s ]
SQL: select sum(bought_num) as sum from cz_package_order where cz_package_id = '11' and is_paid=1 and state!=6 [ RunTime:0.0003s ]
NOTIC: [2] Division by zero E:\wamp\www\branches\out_excel\src\Home\Model\IOSCZPackageModel.class.php 第 95 行.
SQL: select sum(bought_num) as sum from cz_package_order where cz_package_id = '10' and is_paid=1 and state!=6 [ RunTime:0.0002s ]
NOTIC: [2] Division by zero E:\wamp\www\branches\out_excel\src\Home\Model\IOSCZPackageModel.class.php 第 95 行.

[ 2016-02-29T17:17:26+08:00 ] 127.0.0.1 /branches/out_excel/
INFO: [ app_init ] --START--
INFO: Run Behavior\BuildLiteBehavior [ RunTime:0.000022s ]
INFO: [ app_init ] --END-- [ RunTime:0.000128s ]
INFO: [ app_begin ] --START--
INFO: Run Behavior\ReadHtmlCacheBehavior [ RunTime:0.000586s ]
INFO: [ app_begin ] --END-- [ RunTime:0.000690s ]
NOTIC: [2048] Declaration of Home\Controller\DetectorController::display() should be compatible with that of Think\Controller::display() E:\wamp\www\branches\out_excel\src\Home\Controller\DetectorController.class.php 第 10 行.
NOTIC: [8] Undefined index: index E:\wamp\www\branches\out_excel\src\Common\Common\function.php 第 310 行.
NOTIC: [2] in_array() expects parameter 2 to be array, null given E:\wamp\www\branches\out_excel\src\Common\Common\function.php 第 311 行.
NOTIC: [8] Undefined index: index E:\wamp\www\branches\out_excel\src\Common\Common\function.php 第 319 行.
NOTIC: [2] array_key_exists() expects parameter 2 to be array, null given E:\wamp\www\branches\out_excel\src\Common\Common\function.php 第 321 行.
SQL: select id, href, img, title from banner order by priority desc [ RunTime:0.0003s ]
SQL: select DISTINCT(pinyin_category) as letter from game where ios_platform=1 order by letter [ RunTime:0.0006s ]
SQL: select A.game_id,B.name,B.thumbnail_path from suggested_game_list as A
    	LEFT JOIN game as B ON A.game_id = B.id
    	order by B.priority desc limit 14 [ RunTime:0.0004s ]
SQL: select id, ali_name, wx_name, nickname, tel,email, coins, credit, cz_sum, sign_num, level, last_login_time, head_image, is_trainer,password_hash from user where id=72 [ RunTime:0.0002s ]
NOTIC: [8] Undefined index:  E:\wamp\www\branches\out_excel\src\Common\Common\function.php 第 135 行.
SQL: select id,title from news order by created_date desc limit 8 [ RunTime:0.0002s ]
SQL: select name,url from friend_link [ RunTime:0.0002s ]
SQL: select id, game_id,title, platform, price from package where state>=3 order by id desc [ RunTime:0.0002s ]
SQL: select name from game where id=113 [ RunTime:0.0002s ]
SQL: select id, ali_name, wx_name, nickname, tel,email, coins, credit, cz_sum, sign_num, level, last_login_time, head_image, is_trainer,password_hash from user where id=0 [ RunTime:0.0002s ]
NOTIC: [8] Undefined offset: 0 E:\wamp\www\branches\out_excel\src\Home\Model\UserMgrModel.class.php 第 155 行.
NOTIC: [8] Undefined index:  E:\wamp\www\branches\out_excel\src\Common\Common\function.php 第 135 行.
SQL: select name from game where id=113 [ RunTime:0.0002s ]
SQL: select id, ali_name, wx_name, nickname, tel,email, coins, credit, cz_sum, sign_num, level, last_login_time, head_image, is_trainer,password_hash from user where id=0 [ RunTime:0.0002s ]
NOTIC: [8] Undefined offset: 0 E:\wamp\www\branches\out_excel\src\Home\Model\UserMgrModel.class.php 第 155 行.
NOTIC: [8] Undefined index:  E:\wamp\www\branches\out_excel\src\Common\Common\function.php 第 135 行.
SQL: select name from game where id=113 [ RunTime:0.0001s ]
SQL: select id, ali_name, wx_name, nickname, tel,email, coins, credit, cz_sum, sign_num, level, last_login_time, head_image, is_trainer,password_hash from user where id=0 [ RunTime:0.0002s ]
NOTIC: [8] Undefined offset: 0 E:\wamp\www\branches\out_excel\src\Home\Model\UserMgrModel.class.php 第 155 行.
NOTIC: [8] Undefined index:  E:\wamp\www\branches\out_excel\src\Common\Common\function.php 第 135 行.
SQL: select name from game where id=113 [ RunTime:0.0001s ]
SQL: select id, ali_name, wx_name, nickname, tel,email, coins, credit, cz_sum, sign_num, level, last_login_time, head_image, is_trainer,password_hash from user where id=0 [ RunTime:0.0001s ]
NOTIC: [8] Undefined offset: 0 E:\wamp\www\branches\out_excel\src\Home\Model\UserMgrModel.class.php 第 155 行.
NOTIC: [8] Undefined index:  E:\wamp\www\branches\out_excel\src\Common\Common\function.php 第 135 行.
SQL: select id, game_id, title, platform, price from requirement where state>=2 order by id desc [ RunTime:0.0003s ]
SQL: select name from game where id=113 [ RunTime:0.0001s ]
SQL: select id, ali_name, wx_name, nickname, tel,email, coins, credit, cz_sum, sign_num, level, last_login_time, head_image, is_trainer,password_hash from user where id=0 [ RunTime:0.0002s ]
NOTIC: [8] Undefined offset: 0 E:\wamp\www\branches\out_excel\src\Home\Model\UserMgrModel.class.php 第 155 行.
NOTIC: [8] Undefined index:  E:\wamp\www\branches\out_excel\src\Common\Common\function.php 第 135 行.
SQL: select name from game where id=19 [ RunTime:0.0001s ]
SQL: select id, ali_name, wx_name, nickname, tel,email, coins, credit, cz_sum, sign_num, level, last_login_time, head_image, is_trainer,password_hash from user where id=0 [ RunTime:0.0002s ]
NOTIC: [8] Undefined offset: 0 E:\wamp\www\branches\out_excel\src\Home\Model\UserMgrModel.class.php 第 155 行.
NOTIC: [8] Undefined index:  E:\wamp\www\branches\out_excel\src\Common\Common\function.php 第 135 行.
SQL: select name from game where id=19 [ RunTime:0.0001s ]
SQL: select id, ali_name, wx_name, nickname, tel,email, coins, credit, cz_sum, sign_num, level, last_login_time, head_image, is_trainer,password_hash from user where id=0 [ RunTime:0.0001s ]
NOTIC: [8] Undefined offset: 0 E:\wamp\www\branches\out_excel\src\Home\Model\UserMgrModel.class.php 第 155 行.
NOTIC: [8] Undefined index:  E:\wamp\www\branches\out_excel\src\Common\Common\function.php 第 135 行.
SQL: select name from game where id=113 [ RunTime:0.0001s ]
SQL: select id, ali_name, wx_name, nickname, tel,email, coins, credit, cz_sum, sign_num, level, last_login_time, head_image, is_trainer,password_hash from user where id=0 [ RunTime:0.0002s ]
NOTIC: [8] Undefined offset: 0 E:\wamp\www\branches\out_excel\src\Home\Model\UserMgrModel.class.php 第 155 行.
NOTIC: [8] Undefined index:  E:\wamp\www\branches\out_excel\src\Common\Common\function.php 第 135 行.
SQL: select name from game where id=19 [ RunTime:0.0002s ]
SQL: select id, ali_name, wx_name, nickname, tel,email, coins, credit, cz_sum, sign_num, level, last_login_time, head_image, is_trainer,password_hash from user where id=0 [ RunTime:0.0002s ]
NOTIC: [8] Undefined offset: 0 E:\wamp\www\branches\out_excel\src\Home\Model\UserMgrModel.class.php 第 155 行.
NOTIC: [8] Undefined index:  E:\wamp\www\branches\out_excel\src\Common\Common\function.php 第 135 行.
SQL: select name from game where id=113 [ RunTime:0.0002s ]
SQL: select id, ali_name, wx_name, nickname, tel,email, coins, credit, cz_sum, sign_num, level, last_login_time, head_image, is_trainer,password_hash from user where id=0 [ RunTime:0.0002s ]
NOTIC: [8] Undefined offset: 0 E:\wamp\www\branches\out_excel\src\Home\Model\UserMgrModel.class.php 第 155 行.
NOTIC: [8] Undefined index:  E:\wamp\www\branches\out_excel\src\Common\Common\function.php 第 135 行.
SQL: select name from game where id=113 [ RunTime:0.0001s ]
SQL: select id, ali_name, wx_name, nickname, tel,email, coins, credit, cz_sum, sign_num, level, last_login_time, head_image, is_trainer,password_hash from user where id=0 [ RunTime:0.0002s ]
NOTIC: [8] Undefined offset: 0 E:\wamp\www\branches\out_excel\src\Home\Model\UserMgrModel.class.php 第 155 行.
NOTIC: [8] Undefined index:  E:\wamp\www\branches\out_excel\src\Common\Common\function.php 第 135 行.
NOTIC: [2] Missing argument 2 for Home\Model\AccountTradeMgrModel::getList(), called in E:\wamp\www\branches\out_excel\src\Home\Controller\IndexController.class.php on line 143 and defined E:\wamp\www\branches\out_excel\src\Home\Model\AccountTradeMgrModel.class.php 第 151 行.
NOTIC: [8] Undefined variable: where E:\wamp\www\branches\out_excel\src\Home\Model\AccountTradeMgrModel.class.php 第 162 行.
SQL: select id, game_id, title, platform, price from account_trade where active= 1 and state = 1  order by id desc [ RunTime:0.0002s ]
SQL: select id, name, currency_name, ios_platform, need_qufu, is_tx, thumbnail_path, ios_url, android_url from game where id=113 [ RunTime:0.0002s ]
SQL: select id, ali_name, wx_name, nickname, tel,email, coins, credit, cz_sum, sign_num, level, last_login_time, head_image, is_trainer,password_hash from user where id=0 [ RunTime:0.0002s ]
NOTIC: [8] Undefined offset: 0 E:\wamp\www\branches\out_excel\src\Home\Model\UserMgrModel.class.php 第 155 行.
NOTIC: [8] Undefined index:  E:\wamp\www\branches\out_excel\src\Common\Common\function.php 第 135 行.
SQL: select html_title as seo_title, html_keyword as seo_keyword, html_description as seo_description from seo where url='Index/index' [ RunTime:0.0001s ]
NOTIC: [8] Undefined offset: 0 E:\wamp\www\branches\out_excel\src\Home\Model\SEOMgrModel.class.php 第 19 行.
INFO: [ view_parse ] --START--
INFO: [ template_filter ] --START--
INFO: Run Behavior\ContentReplaceBehavior [ RunTime:0.000186s ]
INFO: [ template_filter ] --END-- [ RunTime:0.000297s ]
SQL: select id, ali_name, wx_name, nickname, tel,email, coins, credit, cz_sum, sign_num, level, last_login_time, head_image, is_trainer,password_hash from user where id=72 [ RunTime:0.0004s ]
NOTIC: [8] Undefined index:  E:\wamp\www\branches\out_excel\src\Common\Common\function.php 第 135 行.
SQL: select id, name, start, end, level from vip_level where start<='55500' and end>'55500' [ RunTime:0.0002s ]
SQL: select count(id) num from message where is_read='0' and user_id='72' [ RunTime:0.0002s ]
SQL: select A.game_id,B.name from search_game_list as A
    	LEFT JOIN game as B ON A.game_id = B.id
    	order by A.id desc limit 4 [ RunTime:0.0003s ]
INFO: Run Behavior\ParseTemplateBehavior [ RunTime:0.040763s ]
INFO: [ view_parse ] --END-- [ RunTime:0.040864s ]
INFO: [ view_filter ] --START--
INFO: Run Behavior\WriteHtmlCacheBehavior [ RunTime:0.000438s ]
INFO: [ view_filter ] --END-- [ RunTime:0.000546s ]
INFO: [ app_end ] --START--
INFO: Run Behavior\ShowPageTraceBehavior [ RunTime:0.000674s ]
INFO: [ app_end ] --END-- [ RunTime:0.000770s ]

[ 2016-02-29T17:17:26+08:00 ] 127.0.0.1 /branches/out_excel/Public/upload/banner/5698629bc5408.jpg
INFO: [ app_init ] --START--
INFO: Run Behavior\BuildLiteBehavior [ RunTime:0.000026s ]
INFO: [ app_init ] --END-- [ RunTime:0.000145s ]

[ 2016-02-29T17:17:26+08:00 ] 127.0.0.1 /branches/out_excel/Public/upload/banner/5698628943663.jpg
INFO: [ app_init ] --START--
INFO: Run Behavior\BuildLiteBehavior [ RunTime:0.000023s ]
INFO: [ app_init ] --END-- [ RunTime:0.000131s ]

[ 2016-02-29T17:17:26+08:00 ] 127.0.0.1 /branches/out_excel/Public/upload/banner/56a0ab3da2f67.jpg
INFO: [ app_init ] --START--
INFO: Run Behavior\BuildLiteBehavior [ RunTime:0.000025s ]
INFO: [ app_init ] --END-- [ RunTime:0.000143s ]

[ 2016-02-29T17:17:26+08:00 ] 127.0.0.1 /branches/out_excel/Public/upload/banner/5698629bc5408.jpg
INFO: [ app_init ] --START--
INFO: Run Behavior\BuildLiteBehavior [ RunTime:0.000024s ]
INFO: [ app_init ] --END-- [ RunTime:0.000131s ]

[ 2016-02-29T17:17:27+08:00 ] 127.0.0.1 /branches/out_excel/Index/ajax_get_androidsc_list
INFO: [ app_init ] --START--
INFO: Run Behavior\BuildLiteBehavior [ RunTime:0.000020s ]
INFO: [ app_init ] --END-- [ RunTime:0.000125s ]
INFO: [ app_begin ] --START--
INFO: Run Behavior\ReadHtmlCacheBehavior [ RunTime:0.000559s ]
INFO: [ app_begin ] --END-- [ RunTime:0.000662s ]
NOTIC: [2048] Declaration of Home\Controller\DetectorController::display() should be compatible with that of Think\Controller::display() E:\wamp\www\branches\out_excel\src\Home\Controller\DetectorController.class.php 第 10 行.
NOTIC: [8] Undefined index: index E:\wamp\www\branches\out_excel\src\Common\Common\function.php 第 310 行.
NOTIC: [2] in_array() expects parameter 2 to be array, null given E:\wamp\www\branches\out_excel\src\Common\Common\function.php 第 311 行.
NOTIC: [8] Undefined index: index E:\wamp\www\branches\out_excel\src\Common\Common\function.php 第 319 行.
NOTIC: [2] array_key_exists() expects parameter 2 to be array, null given E:\wamp\www\branches\out_excel\src\Common\Common\function.php 第 321 行.
SQL: select distinct(sc.game_id), sc.id,sc.details,sc.price,g.name
    	from sc_account_android sc,game g
    	where sc.is_on_sale=1 and sc.game_id = g.id group by g.id order by sc.id desc limit 8 [ RunTime:0.0004s ]

[ 2016-02-29T17:17:27+08:00 ] 127.0.0.1 /branches/out_excel/Public/upload/banner/5698629bc5408.jpg
INFO: [ app_init ] --START--
INFO: Run Behavior\BuildLiteBehavior [ RunTime:0.000022s ]
INFO: [ app_init ] --END-- [ RunTime:0.000128s ]

[ 2016-02-29T17:17:27+08:00 ] 127.0.0.1 /branches/out_excel/Index/ajax_get_czpackage_list
INFO: [ app_init ] --START--
INFO: Run Behavior\BuildLiteBehavior [ RunTime:0.000024s ]
INFO: [ app_init ] --END-- [ RunTime:0.000129s ]
INFO: [ app_begin ] --START--
INFO: Run Behavior\ReadHtmlCacheBehavior [ RunTime:0.000654s ]
INFO: [ app_begin ] --END-- [ RunTime:0.000748s ]
NOTIC: [2048] Declaration of Home\Controller\DetectorController::display() should be compatible with that of Think\Controller::display() E:\wamp\www\branches\out_excel\src\Home\Controller\DetectorController.class.php 第 10 行.
NOTIC: [8] Undefined index: index E:\wamp\www\branches\out_excel\src\Common\Common\function.php 第 310 行.
NOTIC: [2] in_array() expects parameter 2 to be array, null given E:\wamp\www\branches\out_excel\src\Common\Common\function.php 第 311 行.
NOTIC: [8] Undefined index: index E:\wamp\www\branches\out_excel\src\Common\Common\function.php 第 319 行.
NOTIC: [2] array_key_exists() expects parameter 2 to be array, null given E:\wamp\www\branches\out_excel\src\Common\Common\function.php 第 321 行.
NOTIC: [2] Missing argument 2 for Home\Model\IOSCZPackageModel::getListLimit(), called in E:\wamp\www\branches\out_excel\src\Home\Controller\IndexController.class.php on line 221 and defined E:\wamp\www\branches\out_excel\src\Home\Model\IOSCZPackageModel.class.php 第 40 行.
NOTIC: [8] Undefined variable: extraParams E:\wamp\www\branches\out_excel\src\Home\Model\IOSCZPackageModel.class.php 第 44 行.
SQL: select A.id,A.price,A.real_price,B.name,B.thumbnail_path,A.option_text,A.sum_number from cz_package AS A
    	    LEFT JOIN `game` AS B ON A.game_id = B.id  order by A.active desc,A.id desc limit 8 [ RunTime:0.0005s ]
SQL: select sum(bought_num) as sum from cz_package_order where cz_package_id = '17' and is_paid=1 and state!=6 [ RunTime:0.0004s ]
SQL: select sum(bought_num) as sum from cz_package_order where cz_package_id = '15' and is_paid=1 and state!=6 [ RunTime:0.0003s ]
SQL: select sum(bought_num) as sum from cz_package_order where cz_package_id = '14' and is_paid=1 and state!=6 [ RunTime:0.0003s ]
SQL: select sum(bought_num) as sum from cz_package_order where cz_package_id = '13' and is_paid=1 and state!=6 [ RunTime:0.0002s ]
SQL: select sum(bought_num) as sum from cz_package_order where cz_package_id = '12' and is_paid=1 and state!=6 [ RunTime:0.0003s ]
SQL: select sum(bought_num) as sum from cz_package_order where cz_package_id = '16' and is_paid=1 and state!=6 [ RunTime:0.0013s ]
SQL: select sum(bought_num) as sum from cz_package_order where cz_package_id = '11' and is_paid=1 and state!=6 [ RunTime:0.0004s ]
NOTIC: [2] Division by zero E:\wamp\www\branches\out_excel\src\Home\Model\IOSCZPackageModel.class.php 第 95 行.
SQL: select sum(bought_num) as sum from cz_package_order where cz_package_id = '10' and is_paid=1 and state!=6 [ RunTime:0.0003s ]
NOTIC: [2] Division by zero E:\wamp\www\branches\out_excel\src\Home\Model\IOSCZPackageModel.class.php 第 95 行.

[ 2016-02-29T17:17:27+08:00 ] 127.0.0.1 /branches/out_excel/Index/ajax_get_evoluation_list
INFO: [ app_init ] --START--
INFO: Run Behavior\BuildLiteBehavior [ RunTime:0.000021s ]
INFO: [ app_init ] --END-- [ RunTime:0.000120s ]
INFO: [ app_begin ] --START--
INFO: Run Behavior\ReadHtmlCacheBehavior [ RunTime:0.000610s ]
INFO: [ app_begin ] --END-- [ RunTime:0.000698s ]
NOTIC: [2048] Declaration of Home\Controller\DetectorController::display() should be compatible with that of Think\Controller::display() E:\wamp\www\branches\out_excel\src\Home\Controller\DetectorController.class.php 第 10 行.
NOTIC: [8] Undefined index: index E:\wamp\www\branches\out_excel\src\Common\Common\function.php 第 310 行.
NOTIC: [2] in_array() expects parameter 2 to be array, null given E:\wamp\www\branches\out_excel\src\Common\Common\function.php 第 311 行.
NOTIC: [8] Undefined index: index E:\wamp\www\branches\out_excel\src\Common\Common\function.php 第 319 行.
NOTIC: [2] array_key_exists() expects parameter 2 to be array, null given E:\wamp\www\branches\out_excel\src\Common\Common\function.php 第 321 行.
SQL: select id,title,game_id from game_evaluation order by id DESC limit 0, 8 [ RunTime:0.0003s ]
SQL: select id, name, currency_name, ios_platform, need_qufu, is_tx, thumbnail_path, ios_url, android_url from game where id=8 [ RunTime:0.0003s ]
SQL: select id, name, currency_name, ios_platform, need_qufu, is_tx, thumbnail_path, ios_url, android_url from game where id=6 [ RunTime:0.0003s ]
SQL: select id, name, currency_name, ios_platform, need_qufu, is_tx, thumbnail_path, ios_url, android_url from game where id=6 [ RunTime:0.0002s ]
SQL: select id, name, currency_name, ios_platform, need_qufu, is_tx, thumbnail_path, ios_url, android_url from game where id=113 [ RunTime:0.0007s ]
SQL: select id, name, currency_name, ios_platform, need_qufu, is_tx, thumbnail_path, ios_url, android_url from game where id=113 [ RunTime:0.0004s ]
SQL: select id, name, currency_name, ios_platform, need_qufu, is_tx, thumbnail_path, ios_url, android_url from game where id=13 [ RunTime:0.0002s ]
SQL: select id, name, currency_name, ios_platform, need_qufu, is_tx, thumbnail_path, ios_url, android_url from game where id=13 [ RunTime:0.0003s ]
NOTIC: [8] Undefined variable: show E:\wamp\www\branches\out_excel\src\Home\Model\EvoluationStrategyMgrModel.class.php 第 44 行.

[ 2016-02-29T17:17:27+08:00 ] 127.0.0.1 /branches/out_excel/Index/ajax_get_iossc_list
INFO: [ app_init ] --START--
INFO: Run Behavior\BuildLiteBehavior [ RunTime:0.000023s ]
INFO: [ app_init ] --END-- [ RunTime:0.000127s ]
INFO: [ app_begin ] --START--
INFO: Run Behavior\ReadHtmlCacheBehavior [ RunTime:0.000716s ]
INFO: [ app_begin ] --END-- [ RunTime:0.000816s ]
NOTIC: [2048] Declaration of Home\Controller\DetectorController::display() should be compatible with that of Think\Controller::display() E:\wamp\www\branches\out_excel\src\Home\Controller\DetectorController.class.php 第 10 行.
NOTIC: [8] Undefined index: index E:\wamp\www\branches\out_excel\src\Common\Common\function.php 第 310 行.
NOTIC: [2] in_array() expects parameter 2 to be array, null given E:\wamp\www\branches\out_excel\src\Common\Common\function.php 第 311 行.
NOTIC: [8] Undefined index: index E:\wamp\www\branches\out_excel\src\Common\Common\function.php 第 319 行.
NOTIC: [2] array_key_exists() expects parameter 2 to be array, null given E:\wamp\www\branches\out_excel\src\Common\Common\function.php 第 321 行.
SQL: select distinct(sc.game_id), sc.id,sc.details,sc.price,g.name
    	from sc_account_ios sc,game g
    	where sc.is_on_sale=1 and sc.game_id = g.id GROUP BY g.id order by sc.id desc limit 8 [ RunTime:0.0014s ]

[ 2016-02-29T17:17:27+08:00 ] 127.0.0.1 /branches/out_excel/Index/ajax_get_strategy_list
INFO: [ app_init ] --START--
INFO: Run Behavior\BuildLiteBehavior [ RunTime:0.000025s ]
INFO: [ app_init ] --END-- [ RunTime:0.000258s ]
INFO: [ app_begin ] --START--
INFO: Run Behavior\ReadHtmlCacheBehavior [ RunTime:0.001004s ]
INFO: [ app_begin ] --END-- [ RunTime:0.001101s ]
NOTIC: [2048] Declaration of Home\Controller\DetectorController::display() should be compatible with that of Think\Controller::display() E:\wamp\www\branches\out_excel\src\Home\Controller\DetectorController.class.php 第 10 行.
NOTIC: [8] Undefined index: index E:\wamp\www\branches\out_excel\src\Common\Common\function.php 第 310 行.
NOTIC: [2] in_array() expects parameter 2 to be array, null given E:\wamp\www\branches\out_excel\src\Common\Common\function.php 第 311 行.
NOTIC: [8] Undefined index: index E:\wamp\www\branches\out_excel\src\Common\Common\function.php 第 319 行.
NOTIC: [2] array_key_exists() expects parameter 2 to be array, null given E:\wamp\www\branches\out_excel\src\Common\Common\function.php 第 321 行.
SQL: select id,title,game_id from game_strategy order by id DESC limit 0, 8 [ RunTime:0.0003s ]
SQL: select id, name, currency_name, ios_platform, need_qufu, is_tx, thumbnail_path, ios_url, android_url from game where id=9 [ RunTime:0.0006s ]
SQL: select id, name, currency_name, ios_platform, need_qufu, is_tx, thumbnail_path, ios_url, android_url from game where id=8 [ RunTime:0.0002s ]
SQL: select id, name, currency_name, ios_platform, need_qufu, is_tx, thumbnail_path, ios_url, android_url from game where id=6 [ RunTime:0.0002s ]
SQL: select id, name, currency_name, ios_platform, need_qufu, is_tx, thumbnail_path, ios_url, android_url from game where id=6 [ RunTime:0.0002s ]
NOTIC: [8] Undefined variable: show E:\wamp\www\branches\out_excel\src\Home\Model\EvoluationStrategyMgrModel.class.php 第 44 行.

[ 2016-02-29T17:17:27+08:00 ] 127.0.0.1 /branches/out_excel/Index/ajax_get_czios_list
INFO: [ app_init ] --START--
INFO: Run Behavior\BuildLiteBehavior [ RunTime:0.000022s ]
INFO: [ app_init ] --END-- [ RunTime:0.000125s ]
INFO: [ app_begin ] --START--
INFO: Run Behavior\ReadHtmlCacheBehavior [ RunTime:0.000634s ]
INFO: [ app_begin ] --END-- [ RunTime:0.000743s ]
NOTIC: [2048] Declaration of Home\Controller\DetectorController::display() should be compatible with that of Think\Controller::display() E:\wamp\www\branches\out_excel\src\Home\Controller\DetectorController.class.php 第 10 行.
NOTIC: [8] Undefined index: index E:\wamp\www\branches\out_excel\src\Common\Common\function.php 第 310 行.
NOTIC: [2] in_array() expects parameter 2 to be array, null given E:\wamp\www\branches\out_excel\src\Common\Common\function.php 第 311 行.
NOTIC: [8] Undefined index: index E:\wamp\www\branches\out_excel\src\Common\Common\function.php 第 319 行.
NOTIC: [2] array_key_exists() expects parameter 2 to be array, null given E:\wamp\www\branches\out_excel\src\Common\Common\function.php 第 321 行.
SQL: select id,name,pinyin_category, thumbnail_path, ios_platform, android_platform from game where ios_platform=1 order by pinyin_category,priority desc [ RunTime:0.0021s ]

[ 2016-02-29T17:17:52+08:00 ] 127.0.0.1 /branches/out_excel/
INFO: [ app_init ] --START--
INFO: Run Behavior\BuildLiteBehavior [ RunTime:0.000024s ]
INFO: [ app_init ] --END-- [ RunTime:0.000132s ]
INFO: [ app_begin ] --START--
INFO: Run Behavior\ReadHtmlCacheBehavior [ RunTime:0.000931s ]
INFO: [ app_begin ] --END-- [ RunTime:0.001039s ]
NOTIC: [2048] Declaration of Home\Controller\DetectorController::display() should be compatible with that of Think\Controller::display() E:\wamp\www\branches\out_excel\src\Home\Controller\DetectorController.class.php 第 10 行.
NOTIC: [8] Undefined index: index E:\wamp\www\branches\out_excel\src\Common\Common\function.php 第 310 行.
NOTIC: [2] in_array() expects parameter 2 to be array, null given E:\wamp\www\branches\out_excel\src\Common\Common\function.php 第 311 行.
NOTIC: [8] Undefined index: index E:\wamp\www\branches\out_excel\src\Common\Common\function.php 第 319 行.
NOTIC: [2] array_key_exists() expects parameter 2 to be array, null given E:\wamp\www\branches\out_excel\src\Common\Common\function.php 第 321 行.
SQL: select id, href, img, title from banner order by priority desc [ RunTime:0.0003s ]
SQL: select DISTINCT(pinyin_category) as letter from game where ios_platform=1 order by letter [ RunTime:0.0008s ]
SQL: select A.game_id,B.name,B.thumbnail_path from suggested_game_list as A
    	LEFT JOIN game as B ON A.game_id = B.id
    	order by B.priority desc limit 14 [ RunTime:0.0003s ]
SQL: select id, ali_name, wx_name, nickname, tel,email, coins, credit, cz_sum, sign_num, level, last_login_time, head_image, is_trainer,password_hash from user where id=72 [ RunTime:0.0002s ]
NOTIC: [8] Undefined index:  E:\wamp\www\branches\out_excel\src\Common\Common\function.php 第 135 行.
SQL: select id,title from news order by created_date desc limit 8 [ RunTime:0.0002s ]
SQL: select name,url from friend_link [ RunTime:0.0002s ]
SQL: select id, game_id,title, platform, price from package where state>=3 order by id desc [ RunTime:0.0002s ]
SQL: select name from game where id=113 [ RunTime:0.0002s ]
SQL: select id, ali_name, wx_name, nickname, tel,email, coins, credit, cz_sum, sign_num, level, last_login_time, head_image, is_trainer,password_hash from user where id=0 [ RunTime:0.0002s ]
NOTIC: [8] Undefined offset: 0 E:\wamp\www\branches\out_excel\src\Home\Model\UserMgrModel.class.php 第 155 行.
NOTIC: [8] Undefined index:  E:\wamp\www\branches\out_excel\src\Common\Common\function.php 第 135 行.
SQL: select name from game where id=113 [ RunTime:0.0001s ]
SQL: select id, ali_name, wx_name, nickname, tel,email, coins, credit, cz_sum, sign_num, level, last_login_time, head_image, is_trainer,password_hash from user where id=0 [ RunTime:0.0002s ]
NOTIC: [8] Undefined offset: 0 E:\wamp\www\branches\out_excel\src\Home\Model\UserMgrModel.class.php 第 155 行.
NOTIC: [8] Undefined index:  E:\wamp\www\branches\out_excel\src\Common\Common\function.php 第 135 行.
SQL: select name from game where id=113 [ RunTime:0.0001s ]
SQL: select id, ali_name, wx_name, nickname, tel,email, coins, credit, cz_sum, sign_num, level, last_login_time, head_image, is_trainer,password_hash from user where id=0 [ RunTime:0.0002s ]
NOTIC: [8] Undefined offset: 0 E:\wamp\www\branches\out_excel\src\Home\Model\UserMgrModel.class.php 第 155 行.
NOTIC: [8] Undefined index:  E:\wamp\www\branches\out_excel\src\Common\Common\function.php 第 135 行.
SQL: select name from game where id=113 [ RunTime:0.0001s ]
SQL: select id, ali_name, wx_name, nickname, tel,email, coins, credit, cz_sum, sign_num, level, last_login_time, head_image, is_trainer,password_hash from user where id=0 [ RunTime:0.0002s ]
NOTIC: [8] Undefined offset: 0 E:\wamp\www\branches\out_excel\src\Home\Model\UserMgrModel.class.php 第 155 行.
NOTIC: [8] Undefined index:  E:\wamp\www\branches\out_excel\src\Common\Common\function.php 第 135 行.
SQL: select id, game_id, title, platform, price from requirement where state>=2 order by id desc [ RunTime:0.0002s ]
SQL: select name from game where id=113 [ RunTime:0.0002s ]
SQL: select id, ali_name, wx_name, nickname, tel,email, coins, credit, cz_sum, sign_num, level, last_login_time, head_image, is_trainer,password_hash from user where id=0 [ RunTime:0.0002s ]
NOTIC: [8] Undefined offset: 0 E:\wamp\www\branches\out_excel\src\Home\Model\UserMgrModel.class.php 第 155 行.
NOTIC: [8] Undefined index:  E:\wamp\www\branches\out_excel\src\Common\Common\function.php 第 135 行.
SQL: select name from game where id=19 [ RunTime:0.0001s ]
SQL: select id, ali_name, wx_name, nickname, tel,email, coins, credit, cz_sum, sign_num, level, last_login_time, head_image, is_trainer,password_hash from user where id=0 [ RunTime:0.0002s ]
NOTIC: [8] Undefined offset: 0 E:\wamp\www\branches\out_excel\src\Home\Model\UserMgrModel.class.php 第 155 行.
NOTIC: [8] Undefined index:  E:\wamp\www\branches\out_excel\src\Common\Common\function.php 第 135 行.
SQL: select name from game where id=19 [ RunTime:0.0001s ]
SQL: select id, ali_name, wx_name, nickname, tel,email, coins, credit, cz_sum, sign_num, level, last_login_time, head_image, is_trainer,password_hash from user where id=0 [ RunTime:0.0002s ]
NOTIC: [8] Undefined offset: 0 E:\wamp\www\branches\out_excel\src\Home\Model\UserMgrModel.class.php 第 155 行.
NOTIC: [8] Undefined index:  E:\wamp\www\branches\out_excel\src\Common\Common\function.php 第 135 行.
SQL: select name from game where id=113 [ RunTime:0.0001s ]
SQL: select id, ali_name, wx_name, nickname, tel,email, coins, credit, cz_sum, sign_num, level, last_login_time, head_image, is_trainer,password_hash from user where id=0 [ RunTime:0.0002s ]
NOTIC: [8] Undefined offset: 0 E:\wamp\www\branches\out_excel\src\Home\Model\UserMgrModel.class.php 第 155 行.
NOTIC: [8] Undefined index:  E:\wamp\www\branches\out_excel\src\Common\Common\function.php 第 135 行.
SQL: select name from game where id=19 [ RunTime:0.0002s ]
SQL: select id, ali_name, wx_name, nickname, tel,email, coins, credit, cz_sum, sign_num, level, last_login_time, head_image, is_trainer,password_hash from user where id=0 [ RunTime:0.0004s ]
NOTIC: [8] Undefined offset: 0 E:\wamp\www\branches\out_excel\src\Home\Model\UserMgrModel.class.php 第 155 行.
NOTIC: [8] Undefined index:  E:\wamp\www\branches\out_excel\src\Common\Common\function.php 第 135 行.
SQL: select name from game where id=113 [ RunTime:0.0002s ]
SQL: select id, ali_name, wx_name, nickname, tel,email, coins, credit, cz_sum, sign_num, level, last_login_time, head_image, is_trainer,password_hash from user where id=0 [ RunTime:0.0002s ]
NOTIC: [8] Undefined offset: 0 E:\wamp\www\branches\out_excel\src\Home\Model\UserMgrModel.class.php 第 155 行.
NOTIC: [8] Undefined index:  E:\wamp\www\branches\out_excel\src\Common\Common\function.php 第 135 行.
SQL: select name from game where id=113 [ RunTime:0.0001s ]
SQL: select id, ali_name, wx_name, nickname, tel,email, coins, credit, cz_sum, sign_num, level, last_login_time, head_image, is_trainer,password_hash from user where id=0 [ RunTime:0.0002s ]
NOTIC: [8] Undefined offset: 0 E:\wamp\www\branches\out_excel\src\Home\Model\UserMgrModel.class.php 第 155 行.
NOTIC: [8] Undefined index:  E:\wamp\www\branches\out_excel\src\Common\Common\function.php 第 135 行.
NOTIC: [2] Missing argument 2 for Home\Model\AccountTradeMgrModel::getList(), called in E:\wamp\www\branches\out_excel\src\Home\Controller\IndexController.class.php on line 143 and defined E:\wamp\www\branches\out_excel\src\Home\Model\AccountTradeMgrModel.class.php 第 151 行.
NOTIC: [8] Undefined variable: where E:\wamp\www\branches\out_excel\src\Home\Model\AccountTradeMgrModel.class.php 第 162 行.
SQL: select id, game_id, title, platform, price from account_trade where active= 1 and state = 1  order by id desc [ RunTime:0.0002s ]
SQL: select id, name, currency_name, ios_platform, need_qufu, is_tx, thumbnail_path, ios_url, android_url from game where id=113 [ RunTime:0.0002s ]
SQL: select id, ali_name, wx_name, nickname, tel,email, coins, credit, cz_sum, sign_num, level, last_login_time, head_image, is_trainer,password_hash from user where id=0 [ RunTime:0.0002s ]
NOTIC: [8] Undefined offset: 0 E:\wamp\www\branches\out_excel\src\Home\Model\UserMgrModel.class.php 第 155 行.
NOTIC: [8] Undefined index:  E:\wamp\www\branches\out_excel\src\Common\Common\function.php 第 135 行.
SQL: select html_title as seo_title, html_keyword as seo_keyword, html_description as seo_description from seo where url='Index/index' [ RunTime:0.0001s ]
NOTIC: [8] Undefined offset: 0 E:\wamp\www\branches\out_excel\src\Home\Model\SEOMgrModel.class.php 第 19 行.
INFO: [ view_parse ] --START--
INFO: [ template_filter ] --START--
INFO: Run Behavior\ContentReplaceBehavior [ RunTime:0.000186s ]
INFO: [ template_filter ] --END-- [ RunTime:0.000301s ]
SQL: select id, ali_name, wx_name, nickname, tel,email, coins, credit, cz_sum, sign_num, level, last_login_time, head_image, is_trainer,password_hash from user where id=72 [ RunTime:0.0004s ]
NOTIC: [8] Undefined index:  E:\wamp\www\branches\out_excel\src\Common\Common\function.php 第 135 行.
SQL: select id, name, start, end, level from vip_level where start<='55500' and end>'55500' [ RunTime:0.0002s ]
SQL: select count(id) num from message where is_read='0' and user_id='72' [ RunTime:0.0002s ]
SQL: select A.game_id,B.name from search_game_list as A
    	LEFT JOIN game as B ON A.game_id = B.id
    	order by A.id desc limit 4 [ RunTime:0.0001s ]
INFO: Run Behavior\ParseTemplateBehavior [ RunTime:0.040485s ]
INFO: [ view_parse ] --END-- [ RunTime:0.040645s ]
INFO: [ view_filter ] --START--
INFO: Run Behavior\WriteHtmlCacheBehavior [ RunTime:0.000901s ]
INFO: [ view_filter ] --END-- [ RunTime:0.001094s ]
INFO: [ app_end ] --START--
INFO: Run Behavior\ShowPageTraceBehavior [ RunTime:0.001361s ]
INFO: [ app_end ] --END-- [ RunTime:0.001562s ]

[ 2016-02-29T17:17:53+08:00 ] 127.0.0.1 /branches/out_excel/Public/upload/banner/5698629bc5408.jpg
INFO: [ app_init ] --START--
INFO: Run Behavior\BuildLiteBehavior [ RunTime:0.000025s ]
INFO: [ app_init ] --END-- [ RunTime:0.000154s ]

[ 2016-02-29T17:17:53+08:00 ] 127.0.0.1 /branches/out_excel/Public/upload/banner/5698628943663.jpg
INFO: [ app_init ] --START--
INFO: Run Behavior\BuildLiteBehavior [ RunTime:0.000022s ]
INFO: [ app_init ] --END-- [ RunTime:0.000122s ]

[ 2016-02-29T17:17:53+08:00 ] 127.0.0.1 /branches/out_excel/Public/upload/banner/56a0ab3da2f67.jpg
INFO: [ app_init ] --START--
INFO: Run Behavior\BuildLiteBehavior [ RunTime:0.000028s ]
INFO: [ app_init ] --END-- [ RunTime:0.000175s ]

[ 2016-02-29T17:17:53+08:00 ] 127.0.0.1 /branches/out_excel/Public/upload/banner/5698629bc5408.jpg
INFO: [ app_init ] --START--
INFO: Run Behavior\BuildLiteBehavior [ RunTime:0.000022s ]
INFO: [ app_init ] --END-- [ RunTime:0.000127s ]

[ 2016-02-29T17:17:53+08:00 ] 127.0.0.1 /branches/out_excel/Index/ajax_get_iossc_list
INFO: [ app_init ] --START--
INFO: Run Behavior\BuildLiteBehavior [ RunTime:0.000023s ]
INFO: [ app_init ] --END-- [ RunTime:0.000127s ]
INFO: [ app_begin ] --START--
INFO: Run Behavior\ReadHtmlCacheBehavior [ RunTime:0.001324s ]
INFO: [ app_begin ] --END-- [ RunTime:0.001438s ]
NOTIC: [2048] Declaration of Home\Controller\DetectorController::display() should be compatible with that of Think\Controller::display() E:\wamp\www\branches\out_excel\src\Home\Controller\DetectorController.class.php 第 10 行.
NOTIC: [8] Undefined index: index E:\wamp\www\branches\out_excel\src\Common\Common\function.php 第 310 行.
NOTIC: [2] in_array() expects parameter 2 to be array, null given E:\wamp\www\branches\out_excel\src\Common\Common\function.php 第 311 行.
NOTIC: [8] Undefined index: index E:\wamp\www\branches\out_excel\src\Common\Common\function.php 第 319 行.
NOTIC: [2] array_key_exists() expects parameter 2 to be array, null given E:\wamp\www\branches\out_excel\src\Common\Common\function.php 第 321 行.
SQL: select distinct(sc.game_id), sc.id,sc.details,sc.price,g.name
    	from sc_account_ios sc,game g
    	where sc.is_on_sale=1 and sc.game_id = g.id GROUP BY g.id order by sc.id desc limit 8 [ RunTime:0.0007s ]

[ 2016-02-29T17:17:53+08:00 ] 127.0.0.1 /branches/out_excel/Index/ajax_get_androidsc_list
INFO: [ app_init ] --START--
INFO: Run Behavior\BuildLiteBehavior [ RunTime:0.000022s ]
INFO: [ app_init ] --END-- [ RunTime:0.000121s ]
INFO: [ app_begin ] --START--
INFO: Run Behavior\ReadHtmlCacheBehavior [ RunTime:0.003046s ]
INFO: [ app_begin ] --END-- [ RunTime:0.003159s ]
NOTIC: [2048] Declaration of Home\Controller\DetectorController::display() should be compatible with that of Think\Controller::display() E:\wamp\www\branches\out_excel\src\Home\Controller\DetectorController.class.php 第 10 行.
NOTIC: [8] Undefined index: index E:\wamp\www\branches\out_excel\src\Common\Common\function.php 第 310 行.
NOTIC: [2] in_array() expects parameter 2 to be array, null given E:\wamp\www\branches\out_excel\src\Common\Common\function.php 第 311 行.
NOTIC: [8] Undefined index: index E:\wamp\www\branches\out_excel\src\Common\Common\function.php 第 319 行.
NOTIC: [2] array_key_exists() expects parameter 2 to be array, null given E:\wamp\www\branches\out_excel\src\Common\Common\function.php 第 321 行.
SQL: select distinct(sc.game_id), sc.id,sc.details,sc.price,g.name
    	from sc_account_android sc,game g
    	where sc.is_on_sale=1 and sc.game_id = g.id group by g.id order by sc.id desc limit 8 [ RunTime:0.0005s ]

[ 2016-02-29T17:17:53+08:00 ] 127.0.0.1 /branches/out_excel/Public/upload/banner/5698629bc5408.jpg
INFO: [ app_init ] --START--
INFO: Run Behavior\BuildLiteBehavior [ RunTime:0.000025s ]
INFO: [ app_init ] --END-- [ RunTime:0.000136s ]

[ 2016-02-29T17:17:53+08:00 ] 127.0.0.1 /branches/out_excel/Index/ajax_get_strategy_list
INFO: [ app_init ] --START--
INFO: Run Behavior\BuildLiteBehavior [ RunTime:0.000023s ]
INFO: [ app_init ] --END-- [ RunTime:0.000126s ]
INFO: [ app_begin ] --START--
INFO: Run Behavior\ReadHtmlCacheBehavior [ RunTime:0.003283s ]
INFO: [ app_begin ] --END-- [ RunTime:0.003387s ]
NOTIC: [2048] Declaration of Home\Controller\DetectorController::display() should be compatible with that of Think\Controller::display() E:\wamp\www\branches\out_excel\src\Home\Controller\DetectorController.class.php 第 10 行.
NOTIC: [8] Undefined index: index E:\wamp\www\branches\out_excel\src\Common\Common\function.php 第 310 行.
NOTIC: [2] in_array() expects parameter 2 to be array, null given E:\wamp\www\branches\out_excel\src\Common\Common\function.php 第 311 行.
NOTIC: [8] Undefined index: index E:\wamp\www\branches\out_excel\src\Common\Common\function.php 第 319 行.
NOTIC: [2] array_key_exists() expects parameter 2 to be array, null given E:\wamp\www\branches\out_excel\src\Common\Common\function.php 第 321 行.
SQL: select id,title,game_id from game_strategy order by id DESC limit 0, 8 [ RunTime:0.0004s ]
SQL: select id, name, currency_name, ios_platform, need_qufu, is_tx, thumbnail_path, ios_url, android_url from game where id=9 [ RunTime:0.0005s ]
SQL: select id, name, currency_name, ios_platform, need_qufu, is_tx, thumbnail_path, ios_url, android_url from game where id=8 [ RunTime:0.0003s ]
SQL: select id, name, currency_name, ios_platform, need_qufu, is_tx, thumbnail_path, ios_url, android_url from game where id=6 [ RunTime:0.0002s ]
SQL: select id, name, currency_name, ios_platform, need_qufu, is_tx, thumbnail_path, ios_url, android_url from game where id=6 [ RunTime:0.0002s ]
NOTIC: [8] Undefined variable: show E:\wamp\www\branches\out_excel\src\Home\Model\EvoluationStrategyMgrModel.class.php 第 44 行.

[ 2016-02-29T17:17:53+08:00 ] 127.0.0.1 /branches/out_excel/Index/ajax_get_evoluation_list
INFO: [ app_init ] --START--
INFO: Run Behavior\BuildLiteBehavior [ RunTime:0.000022s ]
INFO: [ app_init ] --END-- [ RunTime:0.000124s ]
INFO: [ app_begin ] --START--
INFO: Run Behavior\ReadHtmlCacheBehavior [ RunTime:0.000649s ]
INFO: [ app_begin ] --END-- [ RunTime:0.000751s ]
NOTIC: [2048] Declaration of Home\Controller\DetectorController::display() should be compatible with that of Think\Controller::display() E:\wamp\www\branches\out_excel\src\Home\Controller\DetectorController.class.php 第 10 行.
NOTIC: [8] Undefined index: index E:\wamp\www\branches\out_excel\src\Common\Common\function.php 第 310 行.
NOTIC: [2] in_array() expects parameter 2 to be array, null given E:\wamp\www\branches\out_excel\src\Common\Common\function.php 第 311 行.
NOTIC: [8] Undefined index: index E:\wamp\www\branches\out_excel\src\Common\Common\function.php 第 319 行.
NOTIC: [2] array_key_exists() expects parameter 2 to be array, null given E:\wamp\www\branches\out_excel\src\Common\Common\function.php 第 321 行.
SQL: select id,title,game_id from game_evaluation order by id DESC limit 0, 8 [ RunTime:0.0003s ]
SQL: select id, name, currency_name, ios_platform, need_qufu, is_tx, thumbnail_path, ios_url, android_url from game where id=8 [ RunTime:0.0003s ]
SQL: select id, name, currency_name, ios_platform, need_qufu, is_tx, thumbnail_path, ios_url, android_url from game where id=6 [ RunTime:0.0002s ]
SQL: select id, name, currency_name, ios_platform, need_qufu, is_tx, thumbnail_path, ios_url, android_url from game where id=6 [ RunTime:0.0002s ]
SQL: select id, name, currency_name, ios_platform, need_qufu, is_tx, thumbnail_path, ios_url, android_url from game where id=113 [ RunTime:0.0003s ]
SQL: select id, name, currency_name, ios_platform, need_qufu, is_tx, thumbnail_path, ios_url, android_url from game where id=113 [ RunTime:0.0003s ]
SQL: select id, name, currency_name, ios_platform, need_qufu, is_tx, thumbnail_path, ios_url, android_url from game where id=13 [ RunTime:0.0003s ]
SQL: select id, name, currency_name, ios_platform, need_qufu, is_tx, thumbnail_path, ios_url, android_url from game where id=13 [ RunTime:0.0003s ]
NOTIC: [8] Undefined variable: show E:\wamp\www\branches\out_excel\src\Home\Model\EvoluationStrategyMgrModel.class.php 第 44 行.

[ 2016-02-29T17:17:53+08:00 ] 127.0.0.1 /branches/out_excel/Index/ajax_get_czios_list
INFO: [ app_init ] --START--
INFO: Run Behavior\BuildLiteBehavior [ RunTime:0.000025s ]
INFO: [ app_init ] --END-- [ RunTime:0.000135s ]
INFO: [ app_begin ] --START--
INFO: Run Behavior\ReadHtmlCacheBehavior [ RunTime:0.000678s ]
INFO: [ app_begin ] --END-- [ RunTime:0.000781s ]
NOTIC: [2048] Declaration of Home\Controller\DetectorController::display() should be compatible with that of Think\Controller::display() E:\wamp\www\branches\out_excel\src\Home\Controller\DetectorController.class.php 第 10 行.
NOTIC: [8] Undefined index: index E:\wamp\www\branches\out_excel\src\Common\Common\function.php 第 310 行.
NOTIC: [2] in_array() expects parameter 2 to be array, null given E:\wamp\www\branches\out_excel\src\Common\Common\function.php 第 311 行.
NOTIC: [8] Undefined index: index E:\wamp\www\branches\out_excel\src\Common\Common\function.php 第 319 行.
NOTIC: [2] array_key_exists() expects parameter 2 to be array, null given E:\wamp\www\branches\out_excel\src\Common\Common\function.php 第 321 行.
SQL: select id,name,pinyin_category, thumbnail_path, ios_platform, android_platform from game where ios_platform=1 order by pinyin_category,priority desc [ RunTime:0.0019s ]

[ 2016-02-29T17:17:54+08:00 ] 127.0.0.1 /branches/out_excel/Index/ajax_get_czpackage_list
INFO: [ app_init ] --START--
INFO: Run Behavior\BuildLiteBehavior [ RunTime:0.000024s ]
INFO: [ app_init ] --END-- [ RunTime:0.000126s ]
INFO: [ app_begin ] --START--
INFO: Run Behavior\ReadHtmlCacheBehavior [ RunTime:0.000659s ]
INFO: [ app_begin ] --END-- [ RunTime:0.000758s ]
NOTIC: [2048] Declaration of Home\Controller\DetectorController::display() should be compatible with that of Think\Controller::display() E:\wamp\www\branches\out_excel\src\Home\Controller\DetectorController.class.php 第 10 行.
NOTIC: [8] Undefined index: index E:\wamp\www\branches\out_excel\src\Common\Common\function.php 第 310 行.
NOTIC: [2] in_array() expects parameter 2 to be array, null given E:\wamp\www\branches\out_excel\src\Common\Common\function.php 第 311 行.
NOTIC: [8] Undefined index: index E:\wamp\www\branches\out_excel\src\Common\Common\function.php 第 319 行.
NOTIC: [2] array_key_exists() expects parameter 2 to be array, null given E:\wamp\www\branches\out_excel\src\Common\Common\function.php 第 321 行.
NOTIC: [2] Missing argument 2 for Home\Model\IOSCZPackageModel::getListLimit(), called in E:\wamp\www\branches\out_excel\src\Home\Controller\IndexController.class.php on line 221 and defined E:\wamp\www\branches\out_excel\src\Home\Model\IOSCZPackageModel.class.php 第 40 行.
NOTIC: [8] Undefined variable: extraParams E:\wamp\www\branches\out_excel\src\Home\Model\IOSCZPackageModel.class.php 第 44 行.
SQL: select A.id,A.price,A.real_price,B.name,B.thumbnail_path,A.option_text,A.sum_number from cz_package AS A
    	    LEFT JOIN `game` AS B ON A.game_id = B.id  order by A.active desc,A.id desc limit 8 [ RunTime:0.0004s ]
SQL: select sum(bought_num) as sum from cz_package_order where cz_package_id = '17' and is_paid=1 and state!=6 [ RunTime:0.0005s ]
SQL: select sum(bought_num) as sum from cz_package_order where cz_package_id = '15' and is_paid=1 and state!=6 [ RunTime:0.0003s ]
SQL: select sum(bought_num) as sum from cz_package_order where cz_package_id = '14' and is_paid=1 and state!=6 [ RunTime:0.0004s ]
SQL: select sum(bought_num) as sum from cz_package_order where cz_package_id = '13' and is_paid=1 and state!=6 [ RunTime:0.0003s ]
SQL: select sum(bought_num) as sum from cz_package_order where cz_package_id = '12' and is_paid=1 and state!=6 [ RunTime:0.0003s ]
SQL: select sum(bought_num) as sum from cz_package_order where cz_package_id = '16' and is_paid=1 and state!=6 [ RunTime:0.0003s ]
SQL: select sum(bought_num) as sum from cz_package_order where cz_package_id = '11' and is_paid=1 and state!=6 [ RunTime:0.0002s ]
NOTIC: [2] Division by zero E:\wamp\www\branches\out_excel\src\Home\Model\IOSCZPackageModel.class.php 第 95 行.
SQL: select sum(bought_num) as sum from cz_package_order where cz_package_id = '10' and is_paid=1 and state!=6 [ RunTime:0.0002s ]
NOTIC: [2] Division by zero E:\wamp\www\branches\out_excel\src\Home\Model\IOSCZPackageModel.class.php 第 95 行.

[ 2016-02-29T17:17:55+08:00 ] 127.0.0.1 /branches/out_excel/
INFO: [ app_init ] --START--
INFO: Run Behavior\BuildLiteBehavior [ RunTime:0.000024s ]
INFO: [ app_init ] --END-- [ RunTime:0.000130s ]
INFO: [ app_begin ] --START--
INFO: Run Behavior\ReadHtmlCacheBehavior [ RunTime:0.000645s ]
INFO: [ app_begin ] --END-- [ RunTime:0.000752s ]
NOTIC: [2048] Declaration of Home\Controller\DetectorController::display() should be compatible with that of Think\Controller::display() E:\wamp\www\branches\out_excel\src\Home\Controller\DetectorController.class.php 第 10 行.
NOTIC: [8] Undefined index: index E:\wamp\www\branches\out_excel\src\Common\Common\function.php 第 310 行.
NOTIC: [2] in_array() expects parameter 2 to be array, null given E:\wamp\www\branches\out_excel\src\Common\Common\function.php 第 311 行.
NOTIC: [8] Undefined index: index E:\wamp\www\branches\out_excel\src\Common\Common\function.php 第 319 行.
NOTIC: [2] array_key_exists() expects parameter 2 to be array, null given E:\wamp\www\branches\out_excel\src\Common\Common\function.php 第 321 行.
SQL: select id, href, img, title from banner order by priority desc [ RunTime:0.0003s ]
SQL: select DISTINCT(pinyin_category) as letter from game where ios_platform=1 order by letter [ RunTime:0.0006s ]
SQL: select A.game_id,B.name,B.thumbnail_path from suggested_game_list as A
    	LEFT JOIN game as B ON A.game_id = B.id
    	order by B.priority desc limit 14 [ RunTime:0.0003s ]
SQL: select id, ali_name, wx_name, nickname, tel,email, coins, credit, cz_sum, sign_num, level, last_login_time, head_image, is_trainer,password_hash from user where id=72 [ RunTime:0.0002s ]
NOTIC: [8] Undefined index:  E:\wamp\www\branches\out_excel\src\Common\Common\function.php 第 135 行.
SQL: select id,title from news order by created_date desc limit 8 [ RunTime:0.0002s ]
SQL: select name,url from friend_link [ RunTime:0.0002s ]
SQL: select id, game_id,title, platform, price from package where state>=3 order by id desc [ RunTime:0.0002s ]
SQL: select name from game where id=113 [ RunTime:0.0001s ]
SQL: select id, ali_name, wx_name, nickname, tel,email, coins, credit, cz_sum, sign_num, level, last_login_time, head_image, is_trainer,password_hash from user where id=0 [ RunTime:0.0002s ]
NOTIC: [8] Undefined offset: 0 E:\wamp\www\branches\out_excel\src\Home\Model\UserMgrModel.class.php 第 155 行.
NOTIC: [8] Undefined index:  E:\wamp\www\branches\out_excel\src\Common\Common\function.php 第 135 行.
SQL: select name from game where id=113 [ RunTime:0.0001s ]
SQL: select id, ali_name, wx_name, nickname, tel,email, coins, credit, cz_sum, sign_num, level, last_login_time, head_image, is_trainer,password_hash from user where id=0 [ RunTime:0.0002s ]
NOTIC: [8] Undefined offset: 0 E:\wamp\www\branches\out_excel\src\Home\Model\UserMgrModel.class.php 第 155 行.
NOTIC: [8] Undefined index:  E:\wamp\www\branches\out_excel\src\Common\Common\function.php 第 135 行.
SQL: select name from game where id=113 [ RunTime:0.0001s ]
SQL: select id, ali_name, wx_name, nickname, tel,email, coins, credit, cz_sum, sign_num, level, last_login_time, head_image, is_trainer,password_hash from user where id=0 [ RunTime:0.0002s ]
NOTIC: [8] Undefined offset: 0 E:\wamp\www\branches\out_excel\src\Home\Model\UserMgrModel.class.php 第 155 行.
NOTIC: [8] Undefined index:  E:\wamp\www\branches\out_excel\src\Common\Common\function.php 第 135 行.
SQL: select name from game where id=113 [ RunTime:0.0002s ]
SQL: select id, ali_name, wx_name, nickname, tel,email, coins, credit, cz_sum, sign_num, level, last_login_time, head_image, is_trainer,password_hash from user where id=0 [ RunTime:0.0002s ]
NOTIC: [8] Undefined offset: 0 E:\wamp\www\branches\out_excel\src\Home\Model\UserMgrModel.class.php 第 155 行.
NOTIC: [8] Undefined index:  E:\wamp\www\branches\out_excel\src\Common\Common\function.php 第 135 行.
SQL: select id, game_id, title, platform, price from requirement where state>=2 order by id desc [ RunTime:0.0003s ]
SQL: select name from game where id=113 [ RunTime:0.0002s ]
SQL: select id, ali_name, wx_name, nickname, tel,email, coins, credit, cz_sum, sign_num, level, last_login_time, head_image, is_trainer,password_hash from user where id=0 [ RunTime:0.0002s ]
NOTIC: [8] Undefined offset: 0 E:\wamp\www\branches\out_excel\src\Home\Model\UserMgrModel.class.php 第 155 行.
NOTIC: [8] Undefined index:  E:\wamp\www\branches\out_excel\src\Common\Common\function.php 第 135 行.
SQL: select name from game where id=19 [ RunTime:0.0002s ]
SQL: select id, ali_name, wx_name, nickname, tel,email, coins, credit, cz_sum, sign_num, level, last_login_time, head_image, is_trainer,password_hash from user where id=0 [ RunTime:0.0002s ]
NOTIC: [8] Undefined offset: 0 E:\wamp\www\branches\out_excel\src\Home\Model\UserMgrModel.class.php 第 155 行.
NOTIC: [8] Undefined index:  E:\wamp\www\branches\out_excel\src\Common\Common\function.php 第 135 行.
SQL: select name from game where id=19 [ RunTime:0.0002s ]
SQL: select id, ali_name, wx_name, nickname, tel,email, coins, credit, cz_sum, sign_num, level, last_login_time, head_image, is_trainer,password_hash from user where id=0 [ RunTime:0.0002s ]
NOTIC: [8] Undefined offset: 0 E:\wamp\www\branches\out_excel\src\Home\Model\UserMgrModel.class.php 第 155 行.
NOTIC: [8] Undefined index:  E:\wamp\www\branches\out_excel\src\Common\Common\function.php 第 135 行.
SQL: select name from game where id=113 [ RunTime:0.0001s ]
SQL: select id, ali_name, wx_name, nickname, tel,email, coins, credit, cz_sum, sign_num, level, last_login_time, head_image, is_trainer,password_hash from user where id=0 [ RunTime:0.0002s ]
NOTIC: [8] Undefined offset: 0 E:\wamp\www\branches\out_excel\src\Home\Model\UserMgrModel.class.php 第 155 行.
NOTIC: [8] Undefined index:  E:\wamp\www\branches\out_excel\src\Common\Common\function.php 第 135 行.
SQL: select name from game where id=19 [ RunTime:0.0001s ]
SQL: select id, ali_name, wx_name, nickname, tel,email, coins, credit, cz_sum, sign_num, level, last_login_time, head_image, is_trainer,password_hash from user where id=0 [ RunTime:0.0002s ]
NOTIC: [8] Undefined offset: 0 E:\wamp\www\branches\out_excel\src\Home\Model\UserMgrModel.class.php 第 155 行.
NOTIC: [8] Undefined index:  E:\wamp\www\branches\out_excel\src\Common\Common\function.php 第 135 行.
SQL: select name from game where id=113 [ RunTime:0.0001s ]
SQL: select id, ali_name, wx_name, nickname, tel,email, coins, credit, cz_sum, sign_num, level, last_login_time, head_image, is_trainer,password_hash from user where id=0 [ RunTime:0.0001s ]
NOTIC: [8] Undefined offset: 0 E:\wamp\www\branches\out_excel\src\Home\Model\UserMgrModel.class.php 第 155 行.
NOTIC: [8] Undefined index:  E:\wamp\www\branches\out_excel\src\Common\Common\function.php 第 135 行.
SQL: select name from game where id=113 [ RunTime:0.0001s ]
SQL: select id, ali_name, wx_name, nickname, tel,email, coins, credit, cz_sum, sign_num, level, last_login_time, head_image, is_trainer,password_hash from user where id=0 [ RunTime:0.0002s ]
NOTIC: [8] Undefined offset: 0 E:\wamp\www\branches\out_excel\src\Home\Model\UserMgrModel.class.php 第 155 行.
NOTIC: [8] Undefined index:  E:\wamp\www\branches\out_excel\src\Common\Common\function.php 第 135 行.
NOTIC: [2] Missing argument 2 for Home\Model\AccountTradeMgrModel::getList(), called in E:\wamp\www\branches\out_excel\src\Home\Controller\IndexController.class.php on line 143 and defined E:\wamp\www\branches\out_excel\src\Home\Model\AccountTradeMgrModel.class.php 第 151 行.
NOTIC: [8] Undefined variable: where E:\wamp\www\branches\out_excel\src\Home\Model\AccountTradeMgrModel.class.php 第 162 行.
SQL: select id, game_id, title, platform, price from account_trade where active= 1 and state = 1  order by id desc [ RunTime:0.0002s ]
SQL: select id, name, currency_name, ios_platform, need_qufu, is_tx, thumbnail_path, ios_url, android_url from game where id=113 [ RunTime:0.0002s ]
SQL: select id, ali_name, wx_name, nickname, tel,email, coins, credit, cz_sum, sign_num, level, last_login_time, head_image, is_trainer,password_hash from user where id=0 [ RunTime:0.0002s ]
NOTIC: [8] Undefined offset: 0 E:\wamp\www\branches\out_excel\src\Home\Model\UserMgrModel.class.php 第 155 行.
NOTIC: [8] Undefined index:  E:\wamp\www\branches\out_excel\src\Common\Common\function.php 第 135 行.
SQL: select html_title as seo_title, html_keyword as seo_keyword, html_description as seo_description from seo where url='Index/index' [ RunTime:0.0001s ]
NOTIC: [8] Undefined offset: 0 E:\wamp\www\branches\out_excel\src\Home\Model\SEOMgrModel.class.php 第 19 行.
INFO: [ view_parse ] --START--
INFO: [ template_filter ] --START--
INFO: Run Behavior\ContentReplaceBehavior [ RunTime:0.000192s ]
INFO: [ template_filter ] --END-- [ RunTime:0.000334s ]
SQL: select id, ali_name, wx_name, nickname, tel,email, coins, credit, cz_sum, sign_num, level, last_login_time, head_image, is_trainer,password_hash from user where id=72 [ RunTime:0.0004s ]
NOTIC: [8] Undefined index:  E:\wamp\www\branches\out_excel\src\Common\Common\function.php 第 135 行.
SQL: select id, name, start, end, level from vip_level where start<='55500' and end>'55500' [ RunTime:0.0002s ]
SQL: select count(id) num from message where is_read='0' and user_id='72' [ RunTime:0.0002s ]
SQL: select A.game_id,B.name from search_game_list as A
    	LEFT JOIN game as B ON A.game_id = B.id
    	order by A.id desc limit 4 [ RunTime:0.0002s ]
INFO: Run Behavior\ParseTemplateBehavior [ RunTime:0.040910s ]
INFO: [ view_parse ] --END-- [ RunTime:0.041028s ]
INFO: [ view_filter ] --START--
INFO: Run Behavior\WriteHtmlCacheBehavior [ RunTime:0.000671s ]
INFO: [ view_filter ] --END-- [ RunTime:0.000767s ]
INFO: [ app_end ] --START--
INFO: Run Behavior\ShowPageTraceBehavior [ RunTime:0.000746s ]
INFO: [ app_end ] --END-- [ RunTime:0.000842s ]

[ 2016-02-29T17:17:55+08:00 ] 127.0.0.1 /branches/out_excel/Public/upload/banner/5698628943663.jpg
INFO: [ app_init ] --START--
INFO: Run Behavior\BuildLiteBehavior [ RunTime:0.000024s ]
INFO: [ app_init ] --END-- [ RunTime:0.000128s ]

[ 2016-02-29T17:17:55+08:00 ] 127.0.0.1 /branches/out_excel/Public/upload/banner/5698629bc5408.jpg
INFO: [ app_init ] --START--
INFO: Run Behavior\BuildLiteBehavior [ RunTime:0.000021s ]
INFO: [ app_init ] --END-- [ RunTime:0.000121s ]

[ 2016-02-29T17:17:55+08:00 ] 127.0.0.1 /branches/out_excel/Public/upload/banner/56a0ab3da2f67.jpg
INFO: [ app_init ] --START--
INFO: Run Behavior\BuildLiteBehavior [ RunTime:0.000159s ]
INFO: [ app_init ] --END-- [ RunTime:0.000274s ]

[ 2016-02-29T17:17:55+08:00 ] 127.0.0.1 /branches/out_excel/Public/upload/banner/5698628943663.jpg
INFO: [ app_init ] --START--
INFO: Run Behavior\BuildLiteBehavior [ RunTime:0.000022s ]
INFO: [ app_init ] --END-- [ RunTime:0.000128s ]

[ 2016-02-29T17:17:55+08:00 ] 127.0.0.1 /branches/out_excel/Public/upload/banner/5698629bc5408.jpg
INFO: [ app_init ] --START--
INFO: Run Behavior\BuildLiteBehavior [ RunTime:0.000023s ]
INFO: [ app_init ] --END-- [ RunTime:0.000132s ]

[ 2016-02-29T17:17:55+08:00 ] 127.0.0.1 /branches/out_excel/Index/ajax_get_androidsc_list
INFO: [ app_init ] --START--
INFO: Run Behavior\BuildLiteBehavior [ RunTime:0.000023s ]
INFO: [ app_init ] --END-- [ RunTime:0.000128s ]
INFO: [ app_begin ] --START--
INFO: Run Behavior\ReadHtmlCacheBehavior [ RunTime:0.000642s ]
INFO: [ app_begin ] --END-- [ RunTime:0.000728s ]
NOTIC: [2048] Declaration of Home\Controller\DetectorController::display() should be compatible with that of Think\Controller::display() E:\wamp\www\branches\out_excel\src\Home\Controller\DetectorController.class.php 第 10 行.
NOTIC: [8] Undefined index: index E:\wamp\www\branches\out_excel\src\Common\Common\function.php 第 310 行.
NOTIC: [2] in_array() expects parameter 2 to be array, null given E:\wamp\www\branches\out_excel\src\Common\Common\function.php 第 311 行.
NOTIC: [8] Undefined index: index E:\wamp\www\branches\out_excel\src\Common\Common\function.php 第 319 行.
NOTIC: [2] array_key_exists() expects parameter 2 to be array, null given E:\wamp\www\branches\out_excel\src\Common\Common\function.php 第 321 行.
SQL: select distinct(sc.game_id), sc.id,sc.details,sc.price,g.name
    	from sc_account_android sc,game g
    	where sc.is_on_sale=1 and sc.game_id = g.id group by g.id order by sc.id desc limit 8 [ RunTime:0.0005s ]

[ 2016-02-29T17:17:55+08:00 ] 127.0.0.1 /branches/out_excel/Index/ajax_get_iossc_list
INFO: [ app_init ] --START--
INFO: Run Behavior\BuildLiteBehavior [ RunTime:0.000022s ]
INFO: [ app_init ] --END-- [ RunTime:0.000127s ]
INFO: [ app_begin ] --START--
INFO: Run Behavior\ReadHtmlCacheBehavior [ RunTime:0.000565s ]
INFO: [ app_begin ] --END-- [ RunTime:0.000659s ]
NOTIC: [2048] Declaration of Home\Controller\DetectorController::display() should be compatible with that of Think\Controller::display() E:\wamp\www\branches\out_excel\src\Home\Controller\DetectorController.class.php 第 10 行.
NOTIC: [8] Undefined index: index E:\wamp\www\branches\out_excel\src\Common\Common\function.php 第 310 行.
NOTIC: [2] in_array() expects parameter 2 to be array, null given E:\wamp\www\branches\out_excel\src\Common\Common\function.php 第 311 行.
NOTIC: [8] Undefined index: index E:\wamp\www\branches\out_excel\src\Common\Common\function.php 第 319 行.
NOTIC: [2] array_key_exists() expects parameter 2 to be array, null given E:\wamp\www\branches\out_excel\src\Common\Common\function.php 第 321 行.
SQL: select distinct(sc.game_id), sc.id,sc.details,sc.price,g.name
    	from sc_account_ios sc,game g
    	where sc.is_on_sale=1 and sc.game_id = g.id GROUP BY g.id order by sc.id desc limit 8 [ RunTime:0.0004s ]

[ 2016-02-29T17:17:55+08:00 ] 127.0.0.1 /branches/out_excel/Public/upload/banner/5698629bc5408.jpg
INFO: [ app_init ] --START--
INFO: Run Behavior\BuildLiteBehavior [ RunTime:0.000022s ]
INFO: [ app_init ] --END-- [ RunTime:0.000134s ]

[ 2016-02-29T17:17:55+08:00 ] 127.0.0.1 /branches/out_excel/Index/ajax_get_czpackage_list
INFO: [ app_init ] --START--
INFO: Run Behavior\BuildLiteBehavior [ RunTime:0.000023s ]
INFO: [ app_init ] --END-- [ RunTime:0.000128s ]
INFO: [ app_begin ] --START--
INFO: Run Behavior\ReadHtmlCacheBehavior [ RunTime:0.000776s ]
INFO: [ app_begin ] --END-- [ RunTime:0.000874s ]
NOTIC: [2048] Declaration of Home\Controller\DetectorController::display() should be compatible with that of Think\Controller::display() E:\wamp\www\branches\out_excel\src\Home\Controller\DetectorController.class.php 第 10 行.
NOTIC: [8] Undefined index: index E:\wamp\www\branches\out_excel\src\Common\Common\function.php 第 310 行.
NOTIC: [2] in_array() expects parameter 2 to be array, null given E:\wamp\www\branches\out_excel\src\Common\Common\function.php 第 311 行.
NOTIC: [8] Undefined index: index E:\wamp\www\branches\out_excel\src\Common\Common\function.php 第 319 行.
NOTIC: [2] array_key_exists() expects parameter 2 to be array, null given E:\wamp\www\branches\out_excel\src\Common\Common\function.php 第 321 行.
NOTIC: [2] Missing argument 2 for Home\Model\IOSCZPackageModel::getListLimit(), called in E:\wamp\www\branches\out_excel\src\Home\Controller\IndexController.class.php on line 221 and defined E:\wamp\www\branches\out_excel\src\Home\Model\IOSCZPackageModel.class.php 第 40 行.
NOTIC: [8] Undefined variable: extraParams E:\wamp\www\branches\out_excel\src\Home\Model\IOSCZPackageModel.class.php 第 44 行.
SQL: select A.id,A.price,A.real_price,B.name,B.thumbnail_path,A.option_text,A.sum_number from cz_package AS A
    	    LEFT JOIN `game` AS B ON A.game_id = B.id  order by A.active desc,A.id desc limit 8 [ RunTime:0.0005s ]
SQL: select sum(bought_num) as sum from cz_package_order where cz_package_id = '17' and is_paid=1 and state!=6 [ RunTime:0.0005s ]
SQL: select sum(bought_num) as sum from cz_package_order where cz_package_id = '15' and is_paid=1 and state!=6 [ RunTime:0.0003s ]
SQL: select sum(bought_num) as sum from cz_package_order where cz_package_id = '14' and is_paid=1 and state!=6 [ RunTime:0.0002s ]
SQL: select sum(bought_num) as sum from cz_package_order where cz_package_id = '13' and is_paid=1 and state!=6 [ RunTime:0.0003s ]
SQL: select sum(bought_num) as sum from cz_package_order where cz_package_id = '12' and is_paid=1 and state!=6 [ RunTime:0.0003s ]
SQL: select sum(bought_num) as sum from cz_package_order where cz_package_id = '16' and is_paid=1 and state!=6 [ RunTime:0.0002s ]
SQL: select sum(bought_num) as sum from cz_package_order where cz_package_id = '11' and is_paid=1 and state!=6 [ RunTime:0.0002s ]
NOTIC: [2] Division by zero E:\wamp\www\branches\out_excel\src\Home\Model\IOSCZPackageModel.class.php 第 95 行.
SQL: select sum(bought_num) as sum from cz_package_order where cz_package_id = '10' and is_paid=1 and state!=6 [ RunTime:0.0002s ]
NOTIC: [2] Division by zero E:\wamp\www\branches\out_excel\src\Home\Model\IOSCZPackageModel.class.php 第 95 行.

[ 2016-02-29T17:17:55+08:00 ] 127.0.0.1 /branches/out_excel/Index/ajax_get_strategy_list
INFO: [ app_init ] --START--
INFO: Run Behavior\BuildLiteBehavior [ RunTime:0.000020s ]
INFO: [ app_init ] --END-- [ RunTime:0.000121s ]
INFO: [ app_begin ] --START--
INFO: Run Behavior\ReadHtmlCacheBehavior [ RunTime:0.000755s ]
INFO: [ app_begin ] --END-- [ RunTime:0.000849s ]
NOTIC: [2048] Declaration of Home\Controller\DetectorController::display() should be compatible with that of Think\Controller::display() E:\wamp\www\branches\out_excel\src\Home\Controller\DetectorController.class.php 第 10 行.
NOTIC: [8] Undefined index: index E:\wamp\www\branches\out_excel\src\Common\Common\function.php 第 310 行.
NOTIC: [2] in_array() expects parameter 2 to be array, null given E:\wamp\www\branches\out_excel\src\Common\Common\function.php 第 311 行.
NOTIC: [8] Undefined index: index E:\wamp\www\branches\out_excel\src\Common\Common\function.php 第 319 行.
NOTIC: [2] array_key_exists() expects parameter 2 to be array, null given E:\wamp\www\branches\out_excel\src\Common\Common\function.php 第 321 行.
SQL: select id,title,game_id from game_strategy order by id DESC limit 0, 8 [ RunTime:0.0003s ]
SQL: select id, name, currency_name, ios_platform, need_qufu, is_tx, thumbnail_path, ios_url, android_url from game where id=9 [ RunTime:0.0004s ]
SQL: select id, name, currency_name, ios_platform, need_qufu, is_tx, thumbnail_path, ios_url, android_url from game where id=8 [ RunTime:0.0003s ]
SQL: select id, name, currency_name, ios_platform, need_qufu, is_tx, thumbnail_path, ios_url, android_url from game where id=6 [ RunTime:0.0002s ]
SQL: select id, name, currency_name, ios_platform, need_qufu, is_tx, thumbnail_path, ios_url, android_url from game where id=6 [ RunTime:0.0002s ]
NOTIC: [8] Undefined variable: show E:\wamp\www\branches\out_excel\src\Home\Model\EvoluationStrategyMgrModel.class.php 第 44 行.

[ 2016-02-29T17:17:55+08:00 ] 127.0.0.1 /branches/out_excel/Index/ajax_get_evoluation_list
INFO: [ app_init ] --START--
INFO: Run Behavior\BuildLiteBehavior [ RunTime:0.000023s ]
INFO: [ app_init ] --END-- [ RunTime:0.000127s ]
INFO: [ app_begin ] --START--
INFO: Run Behavior\ReadHtmlCacheBehavior [ RunTime:0.000846s ]
INFO: [ app_begin ] --END-- [ RunTime:0.000944s ]
NOTIC: [2048] Declaration of Home\Controller\DetectorController::display() should be compatible with that of Think\Controller::display() E:\wamp\www\branches\out_excel\src\Home\Controller\DetectorController.class.php 第 10 行.
NOTIC: [8] Undefined index: index E:\wamp\www\branches\out_excel\src\Common\Common\function.php 第 310 行.
NOTIC: [2] in_array() expects parameter 2 to be array, null given E:\wamp\www\branches\out_excel\src\Common\Common\function.php 第 311 行.
NOTIC: [8] Undefined index: index E:\wamp\www\branches\out_excel\src\Common\Common\function.php 第 319 行.
NOTIC: [2] array_key_exists() expects parameter 2 to be array, null given E:\wamp\www\branches\out_excel\src\Common\Common\function.php 第 321 行.
SQL: select id,title,game_id from game_evaluation order by id DESC limit 0, 8 [ RunTime:0.0003s ]
SQL: select id, name, currency_name, ios_platform, need_qufu, is_tx, thumbnail_path, ios_url, android_url from game where id=8 [ RunTime:0.0003s ]
SQL: select id, name, currency_name, ios_platform, need_qufu, is_tx, thumbnail_path, ios_url, android_url from game where id=6 [ RunTime:0.0002s ]
SQL: select id, name, currency_name, ios_platform, need_qufu, is_tx, thumbnail_path, ios_url, android_url from game where id=6 [ RunTime:0.0002s ]
SQL: select id, name, currency_name, ios_platform, need_qufu, is_tx, thumbnail_path, ios_url, android_url from game where id=113 [ RunTime:0.0002s ]
SQL: select id, name, currency_name, ios_platform, need_qufu, is_tx, thumbnail_path, ios_url, android_url from game where id=113 [ RunTime:0.0002s ]
SQL: select id, name, currency_name, ios_platform, need_qufu, is_tx, thumbnail_path, ios_url, android_url from game where id=13 [ RunTime:0.0003s ]
SQL: select id, name, currency_name, ios_platform, need_qufu, is_tx, thumbnail_path, ios_url, android_url from game where id=13 [ RunTime:0.0005s ]
NOTIC: [8] Undefined variable: show E:\wamp\www\branches\out_excel\src\Home\Model\EvoluationStrategyMgrModel.class.php 第 44 行.

[ 2016-02-29T17:17:56+08:00 ] 127.0.0.1 /branches/out_excel/Index/ajax_get_czios_list
INFO: [ app_init ] --START--
INFO: Run Behavior\BuildLiteBehavior [ RunTime:0.000023s ]
INFO: [ app_init ] --END-- [ RunTime:0.000125s ]
INFO: [ app_begin ] --START--
INFO: Run Behavior\ReadHtmlCacheBehavior [ RunTime:0.000911s ]
INFO: [ app_begin ] --END-- [ RunTime:0.001004s ]
NOTIC: [2048] Declaration of Home\Controller\DetectorController::display() should be compatible with that of Think\Controller::display() E:\wamp\www\branches\out_excel\src\Home\Controller\DetectorController.class.php 第 10 行.
NOTIC: [8] Undefined index: index E:\wamp\www\branches\out_excel\src\Common\Common\function.php 第 310 行.
NOTIC: [2] in_array() expects parameter 2 to be array, null given E:\wamp\www\branches\out_excel\src\Common\Common\function.php 第 311 行.
NOTIC: [8] Undefined index: index E:\wamp\www\branches\out_excel\src\Common\Common\function.php 第 319 行.
NOTIC: [2] array_key_exists() expects parameter 2 to be array, null given E:\wamp\www\branches\out_excel\src\Common\Common\function.php 第 321 行.
SQL: select id,name,pinyin_category, thumbnail_path, ios_platform, android_platform from game where ios_platform=1 order by pinyin_category,priority desc [ RunTime:0.0031s ]

[ 2016-02-29T17:18:07+08:00 ] 127.0.0.1 /branches/out_excel/getPicture
INFO: [ app_init ] --START--
INFO: Run Behavior\BuildLiteBehavior [ RunTime:0.000022s ]
INFO: [ app_init ] --END-- [ RunTime:0.000124s ]
INFO: [ app_begin ] --START--
INFO: Run Behavior\ReadHtmlCacheBehavior [ RunTime:0.000581s ]
INFO: [ app_begin ] --END-- [ RunTime:0.000677s ]
ERR: 无法加载控制器:GetPicture

[ 2016-02-29T17:18:24+08:00 ] 127.0.0.1 /branches/out_excel/getPicture
INFO: [ app_init ] --START--
INFO: Run Behavior\BuildLiteBehavior [ RunTime:0.000023s ]
INFO: [ app_init ] --END-- [ RunTime:0.000138s ]
INFO: [ app_begin ] --START--
INFO: Run Behavior\ReadHtmlCacheBehavior [ RunTime:0.000610s ]
INFO: [ app_begin ] --END-- [ RunTime:0.000708s ]
ERR: 无法加载控制器:GetPicture

[ 2016-02-29T17:18:27+08:00 ] 127.0.0.1 /branches/out_excel/getPicture
INFO: [ app_init ] --START--
INFO: Run Behavior\BuildLiteBehavior [ RunTime:0.000023s ]
INFO: [ app_init ] --END-- [ RunTime:0.000134s ]
INFO: [ app_begin ] --START--
INFO: Run Behavior\ReadHtmlCacheBehavior [ RunTime:0.000606s ]
INFO: [ app_begin ] --END-- [ RunTime:0.000705s ]
ERR: 无法加载控制器:GetPicture

[ 2016-02-29T17:18:49+08:00 ] 127.0.0.1 /branches/out_excel/getPicture
INFO: [ app_init ] --START--
INFO: Run Behavior\BuildLiteBehavior [ RunTime:0.000025s ]
INFO: [ app_init ] --END-- [ RunTime:0.000130s ]
INFO: [ app_begin ] --START--
INFO: Run Behavior\ReadHtmlCacheBehavior [ RunTime:0.000644s ]
INFO: [ app_begin ] --END-- [ RunTime:0.000754s ]
ERR: 无法加载控制器:GetPicture

[ 2016-02-29T17:20:20+08:00 ] 127.0.0.1 /branches/out_excel/getPicture
INFO: [ app_init ] --START--
INFO: Run Behavior\BuildLiteBehavior [ RunTime:0.000022s ]
INFO: [ app_init ] --END-- [ RunTime:0.000123s ]
INFO: [ app_begin ] --START--
INFO: Run Behavior\ReadHtmlCacheBehavior [ RunTime:0.000629s ]
INFO: [ app_begin ] --END-- [ RunTime:0.000719s ]
ERR: 无法加载控制器:GetPicture

[ 2016-02-29T17:20:51+08:00 ] 127.0.0.1 /branches/out_excel/getPicture
INFO: [ app_init ] --START--
INFO: Run Behavior\BuildLiteBehavior [ RunTime:0.000032s ]
INFO: [ app_init ] --END-- [ RunTime:0.000162s ]
INFO: [ app_begin ] --START--
INFO: Run Behavior\ReadHtmlCacheBehavior [ RunTime:0.000657s ]
INFO: [ app_begin ] --END-- [ RunTime:0.000767s ]
ERR: 无法加载控制器:GetPicture

[ 2016-02-29T17:24:24+08:00 ] 127.0.0.1 /branches/out_excel/getPicture
INFO: [ app_init ] --START--
INFO: Run Behavior\BuildLiteBehavior [ RunTime:0.000027s ]
INFO: [ app_init ] --END-- [ RunTime:0.000145s ]
INFO: [ app_begin ] --START--
INFO: Run Behavior\ReadHtmlCacheBehavior [ RunTime:0.000661s ]
INFO: [ app_begin ] --END-- [ RunTime:0.000764s ]
ERR: 无法加载控制器:GetPicture

[ 2016-02-29T17:24:46+08:00 ] 127.0.0.1 /branches/out_excel/getPicture
INFO: [ app_init ] --START--
INFO: Run Behavior\BuildLiteBehavior [ RunTime:0.000025s ]
INFO: [ app_init ] --END-- [ RunTime:0.000135s ]
INFO: [ app_begin ] --START--
INFO: Run Behavior\ReadHtmlCacheBehavior [ RunTime:0.000571s ]
INFO: [ app_begin ] --END-- [ RunTime:0.000663s ]
ERR: 无法加载控制器:GetPicture

